[TAILING] Tailing last 200 lines for [ww-1] process (change the value with --lines option)
/home/devuser/ww-new/logs/ww-1-error.log last 200 lines:
0|ww-1     | 2025-11-06T15:20:23:     at callRouteHandler (file:///home/devuser/ww-new/node_modules/react-router/dist/development/chunk-5UALIXAM.mjs:509:16)
0|ww-1     | 2025-11-06T15:20:23:     at commonRoute.loader (file:///home/devuser/ww-new/node_modules/react-router/dist/development/chunk-5UALIXAM.mjs:658:19)
0|ww-1     | 2025-11-06T15:20:23:     at file:///home/devuser/ww-new/node_modules/react-router/dist/development/chunk-PVWAREVJ.mjs:4259:19
0|ww-1     | 2025-11-06T15:20:23:     at callLoaderOrAction (file:///home/devuser/ww-new/node_modules/react-router/dist/development/chunk-PVWAREVJ.mjs:4311:16)
0|ww-1     | 2025-11-06T15:20:23:     at async Promise.all (index 1)
0|ww-1     | 2025-11-06T15:20:23:     at defaultDataStrategy (file:///home/devuser/ww-new/node_modules/react-router/dist/development/chunk-PVWAREVJ.mjs:3965:17)
0|ww-1     | 2025-11-06T15:20:23:     at callDataStrategyImpl (file:///home/devuser/ww-new/node_modules/react-router/dist/development/chunk-PVWAREVJ.mjs:4207:17)
0|ww-1     | 2025-11-06T15:20:23:     at callDataStrategy (file:///home/devuser/ww-new/node_modules/react-router/dist/development/chunk-PVWAREVJ.mjs:3298:19)
0|ww-1     | 2025-11-06T15:20:23: BusinessError: Không tìm thấy truyện
0|ww-1     | 2025-11-06T15:20:23:     at loader$l (file:///home/devuser/ww-new/build/server/assets/server-build-RiGIFCFZ.js:20993:21)
0|ww-1     | 2025-11-06T15:20:23:     at processTicksAndRejections (node:internal/process/task_queues:95:5)
0|ww-1     | 2025-11-06T15:20:23:     at callRouteHandler (file:///home/devuser/ww-new/node_modules/react-router/dist/development/chunk-5UALIXAM.mjs:509:16)
0|ww-1     | 2025-11-06T15:20:23:     at commonRoute.loader (file:///home/devuser/ww-new/node_modules/react-router/dist/development/chunk-5UALIXAM.mjs:658:19)
0|ww-1     | 2025-11-06T15:20:23:     at file:///home/devuser/ww-new/node_modules/react-router/dist/development/chunk-PVWAREVJ.mjs:4259:19
0|ww-1     | 2025-11-06T15:20:23:     at callLoaderOrAction (file:///home/devuser/ww-new/node_modules/react-router/dist/development/chunk-PVWAREVJ.mjs:4311:16)
0|ww-1     | 2025-11-06T15:20:23:     at async Promise.all (index 1)
0|ww-1     | 2025-11-06T15:20:23:     at defaultDataStrategy (file:///home/devuser/ww-new/node_modules/react-router/dist/development/chunk-PVWAREVJ.mjs:3965:17)
0|ww-1     | 2025-11-06T15:20:23:     at callDataStrategyImpl (file:///home/devuser/ww-new/node_modules/react-router/dist/development/chunk-PVWAREVJ.mjs:4207:17)
0|ww-1     | 2025-11-06T15:20:23:     at callDataStrategy (file:///home/devuser/ww-new/node_modules/react-router/dist/development/chunk-PVWAREVJ.mjs:3298:19)
0|ww-1     | 2025-11-06T15:22:27: 
0|ww-1     | 2025-11-06T15:24:03: [register] unexpected error: TypeError: sanitizeUsername2 is not a function
0|ww-1     | 2025-11-06T15:24:03:     at register$1 (file:///home/devuser/ww-new/build/server/assets/server-build-Bu07Dpxf.js:2688:31)
0|ww-1     | 2025-11-06T15:24:03:     at processTicksAndRejections (node:internal/process/task_queues:95:5)
0|ww-1     | 2025-11-06T15:24:03:     at action$b (file:///home/devuser/ww-new/build/server/assets/server-build-Bu07Dpxf.js:21886:12)
0|ww-1     | 2025-11-06T15:24:03:     at callRouteHandler (file:///home/devuser/ww-new/node_modules/react-router/dist/development/chunk-5UALIXAM.mjs:509:16)
0|ww-1     | 2025-11-06T15:24:03:     at file:///home/devuser/ww-new/node_modules/react-router/dist/development/chunk-PVWAREVJ.mjs:4259:19
0|ww-1     | 2025-11-06T15:24:03:     at callLoaderOrAction (file:///home/devuser/ww-new/node_modules/react-router/dist/development/chunk-PVWAREVJ.mjs:4311:16)
0|ww-1     | 2025-11-06T15:24:03:     at async Promise.all (index 0)
0|ww-1     | 2025-11-06T15:24:03:     at defaultDataStrategy (file:///home/devuser/ww-new/node_modules/react-router/dist/development/chunk-PVWAREVJ.mjs:3965:17)
0|ww-1     | 2025-11-06T15:24:03:     at callDataStrategyImpl (file:///home/devuser/ww-new/node_modules/react-router/dist/development/chunk-PVWAREVJ.mjs:4207:17)
0|ww-1     | 2025-11-06T15:24:03:     at callDataStrategy (file:///home/devuser/ww-new/node_modules/react-router/dist/development/chunk-PVWAREVJ.mjs:3298:19)
0|ww-1     | 2025-11-06T15:24:51: [register] unexpected error: TypeError: sanitizeUsername2 is not a function
0|ww-1     | 2025-11-06T15:24:51:     at register$1 (file:///home/devuser/ww-new/build/server/assets/server-build-Bu07Dpxf.js:2688:31)
0|ww-1     | 2025-11-06T15:24:51:     at processTicksAndRejections (node:internal/process/task_queues:95:5)
0|ww-1     | 2025-11-06T15:24:51:     at action$b (file:///home/devuser/ww-new/build/server/assets/server-build-Bu07Dpxf.js:21886:12)
0|ww-1     | 2025-11-06T15:24:51:     at callRouteHandler (file:///home/devuser/ww-new/node_modules/react-router/dist/development/chunk-5UALIXAM.mjs:509:16)
0|ww-1     | 2025-11-06T15:24:51:     at file:///home/devuser/ww-new/node_modules/react-router/dist/development/chunk-PVWAREVJ.mjs:4259:19
0|ww-1     | 2025-11-06T15:24:51:     at callLoaderOrAction (file:///home/devuser/ww-new/node_modules/react-router/dist/development/chunk-PVWAREVJ.mjs:4311:16)
0|ww-1     | 2025-11-06T15:24:51:     at async Promise.all (index 0)
0|ww-1     | 2025-11-06T15:24:51:     at defaultDataStrategy (file:///home/devuser/ww-new/node_modules/react-router/dist/development/chunk-PVWAREVJ.mjs:3965:17)
0|ww-1     | 2025-11-06T15:24:51:     at callDataStrategyImpl (file:///home/devuser/ww-new/node_modules/react-router/dist/development/chunk-PVWAREVJ.mjs:4207:17)
0|ww-1     | 2025-11-06T15:24:51:     at callDataStrategy (file:///home/devuser/ww-new/node_modules/react-router/dist/development/chunk-PVWAREVJ.mjs:3298:19)
0|ww-1     | 2025-11-06T15:24:53: [register] unexpected error: TypeError: sanitizeUsername2 is not a function
0|ww-1     | 2025-11-06T15:24:53:     at register$1 (file:///home/devuser/ww-new/build/server/assets/server-build-Bu07Dpxf.js:2688:31)
0|ww-1     | 2025-11-06T15:24:53:     at processTicksAndRejections (node:internal/process/task_queues:95:5)
0|ww-1     | 2025-11-06T15:24:53:     at action$b (file:///home/devuser/ww-new/build/server/assets/server-build-Bu07Dpxf.js:21886:12)
0|ww-1     | 2025-11-06T15:24:53:     at callRouteHandler (file:///home/devuser/ww-new/node_modules/react-router/dist/development/chunk-5UALIXAM.mjs:509:16)
0|ww-1     | 2025-11-06T15:24:53:     at file:///home/devuser/ww-new/node_modules/react-router/dist/development/chunk-PVWAREVJ.mjs:4259:19
0|ww-1     | 2025-11-06T15:24:53:     at callLoaderOrAction (file:///home/devuser/ww-new/node_modules/react-router/dist/development/chunk-PVWAREVJ.mjs:4311:16)
0|ww-1     | 2025-11-06T15:24:53:     at async Promise.all (index 0)
0|ww-1     | 2025-11-06T15:24:53:     at defaultDataStrategy (file:///home/devuser/ww-new/node_modules/react-router/dist/development/chunk-PVWAREVJ.mjs:3965:17)
0|ww-1     | 2025-11-06T15:24:53:     at callDataStrategyImpl (file:///home/devuser/ww-new/node_modules/react-router/dist/development/chunk-PVWAREVJ.mjs:4207:17)
0|ww-1     | 2025-11-06T15:24:53:     at callDataStrategy (file:///home/devuser/ww-new/node_modules/react-router/dist/development/chunk-PVWAREVJ.mjs:3298:19)
0|ww-1     | 2025-11-06T15:38:14: [register] unexpected error: TypeError: sanitizeUsername2 is not a function
0|ww-1     | 2025-11-06T15:38:14:     at register$1 (file:///home/devuser/ww-new/build/server/assets/server-build-Bu07Dpxf.js:2688:31)
0|ww-1     | 2025-11-06T15:38:14:     at processTicksAndRejections (node:internal/process/task_queues:95:5)
0|ww-1     | 2025-11-06T15:38:14:     at action$b (file:///home/devuser/ww-new/build/server/assets/server-build-Bu07Dpxf.js:21886:12)
0|ww-1     | 2025-11-06T15:38:14:     at callRouteHandler (file:///home/devuser/ww-new/node_modules/react-router/dist/development/chunk-5UALIXAM.mjs:509:16)
0|ww-1     | 2025-11-06T15:38:14:     at file:///home/devuser/ww-new/node_modules/react-router/dist/development/chunk-PVWAREVJ.mjs:4259:19
0|ww-1     | 2025-11-06T15:38:14:     at callLoaderOrAction (file:///home/devuser/ww-new/node_modules/react-router/dist/development/chunk-PVWAREVJ.mjs:4311:16)
0|ww-1     | 2025-11-06T15:38:14:     at async Promise.all (index 0)
0|ww-1     | 2025-11-06T15:38:14:     at defaultDataStrategy (file:///home/devuser/ww-new/node_modules/react-router/dist/development/chunk-PVWAREVJ.mjs:3965:17)
0|ww-1     | 2025-11-06T15:38:14:     at callDataStrategyImpl (file:///home/devuser/ww-new/node_modules/react-router/dist/development/chunk-PVWAREVJ.mjs:4207:17)
0|ww-1     | 2025-11-06T15:38:14:     at callDataStrategy (file:///home/devuser/ww-new/node_modules/react-router/dist/development/chunk-PVWAREVJ.mjs:3298:19)
0|ww-1     | 2025-11-06T15:47:20: [register] unexpected error: TypeError: sanitizeUsername2 is not a function
0|ww-1     | 2025-11-06T15:47:20:     at register$1 (file:///home/devuser/ww-new/build/server/assets/server-build-Bu07Dpxf.js:2688:31)
0|ww-1     | 2025-11-06T15:47:20:     at processTicksAndRejections (node:internal/process/task_queues:95:5)
0|ww-1     | 2025-11-06T15:47:20:     at action$b (file:///home/devuser/ww-new/build/server/assets/server-build-Bu07Dpxf.js:21886:12)
0|ww-1     | 2025-11-06T15:47:20:     at callRouteHandler (file:///home/devuser/ww-new/node_modules/react-router/dist/development/chunk-5UALIXAM.mjs:509:16)
0|ww-1     | 2025-11-06T15:47:20:     at file:///home/devuser/ww-new/node_modules/react-router/dist/development/chunk-PVWAREVJ.mjs:4259:19
0|ww-1     | 2025-11-06T15:47:20:     at callLoaderOrAction (file:///home/devuser/ww-new/node_modules/react-router/dist/development/chunk-PVWAREVJ.mjs:4311:16)
0|ww-1     | 2025-11-06T15:47:20:     at async Promise.all (index 0)
0|ww-1     | 2025-11-06T15:47:20:     at defaultDataStrategy (file:///home/devuser/ww-new/node_modules/react-router/dist/development/chunk-PVWAREVJ.mjs:3965:17)
0|ww-1     | 2025-11-06T15:47:20:     at callDataStrategyImpl (file:///home/devuser/ww-new/node_modules/react-router/dist/development/chunk-PVWAREVJ.mjs:4207:17)
0|ww-1     | 2025-11-06T15:47:20:     at callDataStrategy (file:///home/devuser/ww-new/node_modules/react-router/dist/development/chunk-PVWAREVJ.mjs:3298:19)
0|ww-1     | 2025-11-06T15:47:29: [register] unexpected error: TypeError: sanitizeUsername2 is not a function
0|ww-1     | 2025-11-06T15:47:29:     at register$1 (file:///home/devuser/ww-new/build/server/assets/server-build-Bu07Dpxf.js:2688:31)
0|ww-1     | 2025-11-06T15:47:29:     at processTicksAndRejections (node:internal/process/task_queues:95:5)
0|ww-1     | 2025-11-06T15:47:29:     at action$b (file:///home/devuser/ww-new/build/server/assets/server-build-Bu07Dpxf.js:21886:12)
0|ww-1     | 2025-11-06T15:47:29:     at callRouteHandler (file:///home/devuser/ww-new/node_modules/react-router/dist/development/chunk-5UALIXAM.mjs:509:16)
0|ww-1     | 2025-11-06T15:47:29:     at file:///home/devuser/ww-new/node_modules/react-router/dist/development/chunk-PVWAREVJ.mjs:4259:19
0|ww-1     | 2025-11-06T15:47:29:     at callLoaderOrAction (file:///home/devuser/ww-new/node_modules/react-router/dist/development/chunk-PVWAREVJ.mjs:4311:16)
0|ww-1     | 2025-11-06T15:47:29:     at async Promise.all (index 0)
0|ww-1     | 2025-11-06T15:47:29:     at defaultDataStrategy (file:///home/devuser/ww-new/node_modules/react-router/dist/development/chunk-PVWAREVJ.mjs:3965:17)
0|ww-1     | 2025-11-06T15:47:29:     at callDataStrategyImpl (file:///home/devuser/ww-new/node_modules/react-router/dist/development/chunk-PVWAREVJ.mjs:4207:17)
0|ww-1     | 2025-11-06T15:47:29:     at callDataStrategy (file:///home/devuser/ww-new/node_modules/react-router/dist/development/chunk-PVWAREVJ.mjs:3298:19)
0|ww-1     | 2025-11-06T15:50:30: Error: No route matches URL "/assets/index-C1nQEOpt.js"
0|ww-1     | 2025-11-06T15:50:30:     at getInternalRouterError (file:///home/devuser/ww-new/node_modules/react-router/dist/development/chunk-PVWAREVJ.mjs:4633:5)
0|ww-1     | 2025-11-06T15:50:30:     at Object.query (file:///home/devuser/ww-new/node_modules/react-router/dist/development/chunk-PVWAREVJ.mjs:2789:19)
0|ww-1     | 2025-11-06T15:50:30:     at handleDocumentRequest (file:///home/devuser/ww-new/node_modules/react-router/dist/development/chunk-5UALIXAM.mjs:1303:38)
0|ww-1     | 2025-11-06T15:50:30:     at requestHandler (file:///home/devuser/ww-new/node_modules/react-router/dist/development/chunk-5UALIXAM.mjs:1218:24)
0|ww-1     | 2025-11-06T15:50:30:     at file:///home/devuser/ww-new/node_modules/@react-router/express/dist/index.mjs:28:28
0|ww-1     | 2025-11-06T15:50:30: No routes matched location "/assets/index-C1nQEOpt.js" 
0|ww-1     | 2025-11-06T15:50:30: Error: No route matches URL "/assets/user-loT1C6BB.js"
0|ww-1     | 2025-11-06T15:50:30:     at getInternalRouterError (file:///home/devuser/ww-new/node_modules/react-router/dist/development/chunk-PVWAREVJ.mjs:4633:5)
0|ww-1     | 2025-11-06T15:50:30:     at Object.query (file:///home/devuser/ww-new/node_modules/react-router/dist/development/chunk-PVWAREVJ.mjs:2789:19)
0|ww-1     | 2025-11-06T15:50:30:     at handleDocumentRequest (file:///home/devuser/ww-new/node_modules/react-router/dist/development/chunk-5UALIXAM.mjs:1303:38)
0|ww-1     | 2025-11-06T15:50:30:     at requestHandler (file:///home/devuser/ww-new/node_modules/react-router/dist/development/chunk-5UALIXAM.mjs:1218:24)
0|ww-1     | 2025-11-06T15:50:30:     at file:///home/devuser/ww-new/node_modules/@react-router/express/dist/index.mjs:28:28
0|ww-1     | 2025-11-06T15:50:30: No routes matched location "/assets/user-loT1C6BB.js" 
0|ww-1     | 2025-11-06T15:54:15: Error: No route matches URL "/.git/config"
0|ww-1     | 2025-11-06T15:54:15:     at getInternalRouterError (file:///home/devuser/ww-new/node_modules/react-router/dist/development/chunk-PVWAREVJ.mjs:4633:5)
0|ww-1     | 2025-11-06T15:54:15:     at Object.query (file:///home/devuser/ww-new/node_modules/react-router/dist/development/chunk-PVWAREVJ.mjs:2789:19)
0|ww-1     | 2025-11-06T15:54:15:     at handleDocumentRequest (file:///home/devuser/ww-new/node_modules/react-router/dist/development/chunk-5UALIXAM.mjs:1303:38)
0|ww-1     | 2025-11-06T15:54:15:     at requestHandler (file:///home/devuser/ww-new/node_modules/react-router/dist/development/chunk-5UALIXAM.mjs:1218:24)
0|ww-1     | 2025-11-06T15:54:15:     at file:///home/devuser/ww-new/node_modules/@react-router/express/dist/index.mjs:28:28
0|ww-1     | 2025-11-06T15:54:15: No routes matched location "/.git/config" 
0|ww-1     | 2025-11-06T16:03:29: Error: No route matches URL "/.git/config"
0|ww-1     | 2025-11-06T16:03:29:     at getInternalRouterError (file:///home/devuser/ww-new/node_modules/react-router/dist/development/chunk-PVWAREVJ.mjs:4633:5)
0|ww-1     | 2025-11-06T16:03:29:     at Object.query (file:///home/devuser/ww-new/node_modules/react-router/dist/development/chunk-PVWAREVJ.mjs:2789:19)
0|ww-1     | 2025-11-06T16:03:29:     at handleDocumentRequest (file:///home/devuser/ww-new/node_modules/react-router/dist/development/chunk-5UALIXAM.mjs:1303:38)
0|ww-1     | 2025-11-06T16:03:29:     at requestHandler (file:///home/devuser/ww-new/node_modules/react-router/dist/development/chunk-5UALIXAM.mjs:1218:24)
0|ww-1     | 2025-11-06T16:03:29:     at file:///home/devuser/ww-new/node_modules/@react-router/express/dist/index.mjs:28:28
0|ww-1     | 2025-11-06T16:03:29: No routes matched location "/.git/config" 
0|ww-1     | 2025-11-06T16:16:57: CastError: Cast to ObjectId failed for value "undefined" (type string) at path "_id" for model "Manga"
0|ww-1     | 2025-11-06T16:16:57:     at SchemaObjectId.cast (/home/devuser/ww-new/node_modules/mongoose/lib/schema/objectId.js:251:11)
0|ww-1     | 2025-11-06T16:16:57:     at SchemaObjectId.SchemaType.applySetters (/home/devuser/ww-new/node_modules/mongoose/lib/schemaType.js:1258:12)
0|ww-1     | 2025-11-06T16:16:57:     at SchemaObjectId.SchemaType.castForQuery (/home/devuser/ww-new/node_modules/mongoose/lib/schemaType.js:1694:17)
0|ww-1     | 2025-11-06T16:16:57:     at cast (/home/devuser/ww-new/node_modules/mongoose/lib/cast.js:390:32)
0|ww-1     | 2025-11-06T16:16:57:     at model.Query.Query.cast (/home/devuser/ww-new/node_modules/mongoose/lib/query.js:5060:12)
0|ww-1     | 2025-11-06T16:16:57:     at model.Query.Query._castConditions (/home/devuser/ww-new/node_modules/mongoose/lib/query.js:2374:10)
0|ww-1     | 2025-11-06T16:16:57:     at model.Query._findOne (/home/devuser/ww-new/node_modules/mongoose/lib/query.js:2697:8)
0|ww-1     | 2025-11-06T16:16:57:     at model.Query.exec (/home/devuser/ww-new/node_modules/mongoose/lib/query.js:4627:80)
0|ww-1     | 2025-11-06T16:16:57:     at processTicksAndRejections (node:internal/process/task_queues:95:5)
0|ww-1     | 2025-11-06T16:16:57:     at getMangaPublishedById (file:///home/devuser/ww-new/build/server/assets/server-build-Bu07Dpxf.js:2904:17) {
0|ww-1     | 2025-11-06T16:16:57:   stringValue: '"undefined"',
0|ww-1     | 2025-11-06T16:16:57:   messageFormat: undefined,
0|ww-1     | 2025-11-06T16:16:57:   kind: 'ObjectId',
0|ww-1     | 2025-11-06T16:16:57:   value: 'undefined',
0|ww-1     | 2025-11-06T16:16:57:   path: '_id',
0|ww-1     | 2025-11-06T16:16:57:   reason: BSONError: input must be a 24 character hex string, 12 byte Uint8Array, or an integer
0|ww-1     | 2025-11-06T16:16:57:       at new ObjectId (/home/devuser/ww-new/node_modules/bson/src/objectid.ts:120:15)
0|ww-1     | 2025-11-06T16:16:57:       at castObjectId (/home/devuser/ww-new/node_modules/mongoose/lib/cast/objectid.js:25:12)
0|ww-1     | 2025-11-06T16:16:57:       at SchemaObjectId.cast (/home/devuser/ww-new/node_modules/mongoose/lib/schema/objectId.js:249:12)
0|ww-1     | 2025-11-06T16:16:57:       at SchemaObjectId.SchemaType.applySetters (/home/devuser/ww-new/node_modules/mongoose/lib/schemaType.js:1258:12)
0|ww-1     | 2025-11-06T16:16:57:       at SchemaObjectId.SchemaType.castForQuery (/home/devuser/ww-new/node_modules/mongoose/lib/schemaType.js:1694:17)
0|ww-1     | 2025-11-06T16:16:57:       at cast (/home/devuser/ww-new/node_modules/mongoose/lib/cast.js:390:32)
0|ww-1     | 2025-11-06T16:16:57:       at model.Query.Query.cast (/home/devuser/ww-new/node_modules/mongoose/lib/query.js:5060:12)
0|ww-1     | 2025-11-06T16:16:57:       at model.Query.Query._castConditions (/home/devuser/ww-new/node_modules/mongoose/lib/query.js:2374:10)
0|ww-1     | 2025-11-06T16:16:57:       at model.Query._findOne (/home/devuser/ww-new/node_modules/mongoose/lib/query.js:2697:8)
0|ww-1     | 2025-11-06T16:16:57:       at model.Query.exec (/home/devuser/ww-new/node_modules/mongoose/lib/query.js:4627:80),
0|ww-1     | 2025-11-06T16:16:57:   valueType: 'string'
0|ww-1     | 2025-11-06T16:16:57: }
0|ww-1     | 2025-11-06T16:21:03: 
0|ww-1     | 2025-11-06T16:23:20: [register] unexpected error: TypeError: sanitizeUsername is not a function
0|ww-1     | 2025-11-06T16:23:20:     at register$1 (file:///home/devuser/ww-new/build/server/assets/server-build-BshjUMY-.js:2719:31)
0|ww-1     | 2025-11-06T16:23:20:     at processTicksAndRejections (node:internal/process/task_queues:95:5)
0|ww-1     | 2025-11-06T16:23:20:     at action$b (file:///home/devuser/ww-new/build/server/assets/server-build-BshjUMY-.js:21877:12)
0|ww-1     | 2025-11-06T16:23:20:     at callRouteHandler (file:///home/devuser/ww-new/node_modules/react-router/dist/development/chunk-5UALIXAM.mjs:509:16)
0|ww-1     | 2025-11-06T16:23:20:     at file:///home/devuser/ww-new/node_modules/react-router/dist/development/chunk-PVWAREVJ.mjs:4259:19
0|ww-1     | 2025-11-06T16:23:20:     at callLoaderOrAction (file:///home/devuser/ww-new/node_modules/react-router/dist/development/chunk-PVWAREVJ.mjs:4311:16)
0|ww-1     | 2025-11-06T16:23:20:     at async Promise.all (index 0)
0|ww-1     | 2025-11-06T16:23:20:     at defaultDataStrategy (file:///home/devuser/ww-new/node_modules/react-router/dist/development/chunk-PVWAREVJ.mjs:3965:17)
0|ww-1     | 2025-11-06T16:23:20:     at callDataStrategyImpl (file:///home/devuser/ww-new/node_modules/react-router/dist/development/chunk-PVWAREVJ.mjs:4207:17)
0|ww-1     | 2025-11-06T16:23:20:     at callDataStrategy (file:///home/devuser/ww-new/node_modules/react-router/dist/development/chunk-PVWAREVJ.mjs:3298:19)
0|ww-1     | 2025-11-06T16:23:39: [register] unexpected error: TypeError: sanitizeUsername is not a function
0|ww-1     | 2025-11-06T16:23:39:     at register$1 (file:///home/devuser/ww-new/build/server/assets/server-build-BshjUMY-.js:2719:31)
0|ww-1     | 2025-11-06T16:23:39:     at processTicksAndRejections (node:internal/process/task_queues:95:5)
0|ww-1     | 2025-11-06T16:23:39:     at action$b (file:///home/devuser/ww-new/build/server/assets/server-build-BshjUMY-.js:21877:12)
0|ww-1     | 2025-11-06T16:23:39:     at callRouteHandler (file:///home/devuser/ww-new/node_modules/react-router/dist/development/chunk-5UALIXAM.mjs:509:16)
0|ww-1     | 2025-11-06T16:23:39:     at file:///home/devuser/ww-new/node_modules/react-router/dist/development/chunk-PVWAREVJ.mjs:4259:19
0|ww-1     | 2025-11-06T16:23:39:     at callLoaderOrAction (file:///home/devuser/ww-new/node_modules/react-router/dist/development/chunk-PVWAREVJ.mjs:4311:16)
0|ww-1     | 2025-11-06T16:23:39:     at async Promise.all (index 0)
0|ww-1     | 2025-11-06T16:23:39:     at defaultDataStrategy (file:///home/devuser/ww-new/node_modules/react-router/dist/development/chunk-PVWAREVJ.mjs:3965:17)
0|ww-1     | 2025-11-06T16:23:39:     at callDataStrategyImpl (file:///home/devuser/ww-new/node_modules/react-router/dist/development/chunk-PVWAREVJ.mjs:4207:17)
0|ww-1     | 2025-11-06T16:23:39:     at callDataStrategy (file:///home/devuser/ww-new/node_modules/react-router/dist/development/chunk-PVWAREVJ.mjs:3298:19)
0|ww-1     | 2025-11-06T16:23:45: [register] unexpected error: TypeError: sanitizeUsername is not a function
0|ww-1     | 2025-11-06T16:23:45:     at register$1 (file:///home/devuser/ww-new/build/server/assets/server-build-BshjUMY-.js:2719:31)
0|ww-1     | 2025-11-06T16:23:45:     at processTicksAndRejections (node:internal/process/task_queues:95:5)
0|ww-1     | 2025-11-06T16:23:45:     at action$b (file:///home/devuser/ww-new/build/server/assets/server-build-BshjUMY-.js:21877:12)
0|ww-1     | 2025-11-06T16:23:45:     at callRouteHandler (file:///home/devuser/ww-new/node_modules/react-router/dist/development/chunk-5UALIXAM.mjs:509:16)
0|ww-1     | 2025-11-06T16:23:45:     at file:///home/devuser/ww-new/node_modules/react-router/dist/development/chunk-PVWAREVJ.mjs:4259:19
0|ww-1     | 2025-11-06T16:23:45:     at callLoaderOrAction (file:///home/devuser/ww-new/node_modules/react-router/dist/development/chunk-PVWAREVJ.mjs:4311:16)
0|ww-1     | 2025-11-06T16:23:45:     at async Promise.all (index 0)
0|ww-1     | 2025-11-06T16:23:45:     at defaultDataStrategy (file:///home/devuser/ww-new/node_modules/react-router/dist/development/chunk-PVWAREVJ.mjs:3965:17)
0|ww-1     | 2025-11-06T16:23:45:     at callDataStrategyImpl (file:///home/devuser/ww-new/node_modules/react-router/dist/development/chunk-PVWAREVJ.mjs:4207:17)
0|ww-1     | 2025-11-06T16:23:45:     at callDataStrategy (file:///home/devuser/ww-new/node_modules/react-router/dist/development/chunk-PVWAREVJ.mjs:3298:19)
0|ww-1     | 2025-11-06T16:23:52: [register] unexpected error: TypeError: sanitizeUsername is not a function
0|ww-1     | 2025-11-06T16:23:52:     at register$1 (file:///home/devuser/ww-new/build/server/assets/server-build-BshjUMY-.js:2719:31)
0|ww-1     | 2025-11-06T16:23:52:     at processTicksAndRejections (node:internal/process/task_queues:95:5)
0|ww-1     | 2025-11-06T16:23:52:     at action$b (file:///home/devuser/ww-new/build/server/assets/server-build-BshjUMY-.js:21877:12)
0|ww-1     | 2025-11-06T16:23:52:     at callRouteHandler (file:///home/devuser/ww-new/node_modules/react-router/dist/development/chunk-5UALIXAM.mjs:509:16)
0|ww-1     | 2025-11-06T16:23:52:     at file:///home/devuser/ww-new/node_modules/react-router/dist/development/chunk-PVWAREVJ.mjs:4259:19
0|ww-1     | 2025-11-06T16:23:52:     at callLoaderOrAction (file:///home/devuser/ww-new/node_modules/react-router/dist/development/chunk-PVWAREVJ.mjs:4311:16)
0|ww-1     | 2025-11-06T16:23:52:     at async Promise.all (index 0)
0|ww-1     | 2025-11-06T16:23:52:     at defaultDataStrategy (file:///home/devuser/ww-new/node_modules/react-router/dist/development/chunk-PVWAREVJ.mjs:3965:17)
0|ww-1     | 2025-11-06T16:23:52:     at callDataStrategyImpl (file:///home/devuser/ww-new/node_modules/react-router/dist/development/chunk-PVWAREVJ.mjs:4207:17)
0|ww-1     | 2025-11-06T16:23:52:     at callDataStrategy (file:///home/devuser/ww-new/node_modules/react-router/dist/development/chunk-PVWAREVJ.mjs:3298:19)
0|ww-1     | 2025-11-06T16:24:22: [register] unexpected error: TypeError: sanitizeUsername is not a function
0|ww-1     | 2025-11-06T16:24:22:     at register$1 (file:///home/devuser/ww-new/build/server/assets/server-build-BshjUMY-.js:2719:31)
0|ww-1     | 2025-11-06T16:24:22:     at processTicksAndRejections (node:internal/process/task_queues:95:5)
0|ww-1     | 2025-11-06T16:24:22:     at action$b (file:///home/devuser/ww-new/build/server/assets/server-build-BshjUMY-.js:21877:12)
0|ww-1     | 2025-11-06T16:24:22:     at callRouteHandler (file:///home/devuser/ww-new/node_modules/react-router/dist/development/chunk-5UALIXAM.mjs:509:16)
0|ww-1     | 2025-11-06T16:24:22:     at file:///home/devuser/ww-new/node_modules/react-router/dist/development/chunk-PVWAREVJ.mjs:4259:19
0|ww-1     | 2025-11-06T16:24:22:     at callLoaderOrAction (file:///home/devuser/ww-new/node_modules/react-router/dist/development/chunk-PVWAREVJ.mjs:4311:16)
0|ww-1     | 2025-11-06T16:24:22:     at async Promise.all (index 0)
0|ww-1     | 2025-11-06T16:24:22:     at defaultDataStrategy (file:///home/devuser/ww-new/node_modules/react-router/dist/development/chunk-PVWAREVJ.mjs:3965:17)
0|ww-1     | 2025-11-06T16:24:22:     at callDataStrategyImpl (file:///home/devuser/ww-new/node_modules/react-router/dist/development/chunk-PVWAREVJ.mjs:4207:17)
0|ww-1     | 2025-11-06T16:24:22:     at callDataStrategy (file:///home/devuser/ww-new/node_modules/react-router/dist/development/chunk-PVWAREVJ.mjs:3298:19)
0|ww-1     | 2025-11-06T16:32:07: 

/home/devuser/ww-new/logs/ww-1-out.log last 200 lines:
0|ww-1     | 2025-11-06T16:27:13: [loader:root] genres count = 142
0|ww-1     | 2025-11-06T16:27:13: GET /manga/chapter/68e3d85cd61d9ee0433abeb7?chapterNumber=16 200 - - 31.770 ms
0|ww-1     | 2025-11-06T16:27:14: GET /api/manga-like?mangaId=690cb59631ea0e89ab240832 200 - - 2.509 ms
0|ww-1     | 2025-11-06T16:27:14: GET /__manifest?p=%2Fauthors%2Fdich-sayhentai&p=%2Fgenres%2Fdrama&p=%2Fgenres%2Fharem&p=%2Fgenres%2Fmanhwa&p=%2Fgenres%2Fromance&p=%2Fmanga%2F68cda671374e2828c73268b3&p=%2Fmanga%2F68d1de203d7760ae19644145&p=%2Fmanga%2F68dc23654cc992ac383d7114&p=%2Fmanga%2F68e2ea7c8a205502ed9928fe&p=%2Fmanga%2F68fe4a35fb6f20cf361687d1&p=%2Fmanga%2F6907582371314a3e981742d2&p=%2Fmanga%2F690874f9939dd9e3d09d13e7&p=%2Fmanga%2F6908c801206ef6c57464f438&p=%2Fmanga%2F6908f239581fb9798a2c8da1&p=%2Fmanga%2F690a116f2535c325815abf53&p=%2Fmanga%2F690b8cf1f78aec280531e46d&p=%2Fmanga%2F690cb3f931ea0e89ab2407a2&p=%2Fmanga%2F690cb646971033dc8db60b4d&p=%2Fmanga%2F690cb776971033dc8db60d31&p=%2Fmanga%2F690cb87d971033dc8db60dff&p=%2Fmanga%2F690cbe6fd57faf007f7d44ae&p=%2Fmanga%2Fchapter%2F690cb59631ea0e89ab240832&version=19c1149e 200 - - 18.071 ms
0|ww-1     | 2025-11-06T16:27:14: GET /api/comments?page=1&limit=5&mangaId=690cb59631ea0e89ab240832 200 - - 8.437 ms
0|ww-1     | 2025-11-06T16:27:14: [loader:root] genres count = 142
0|ww-1     | 2025-11-06T16:27:14: GET /manga/68ff8c03bf6be5519cf89260.data 200 - - 31.276 ms
0|ww-1     | 2025-11-06T16:27:15: [loader:root] genres count = 142
0|ww-1     | 2025-11-06T16:27:15: GET /manga/68e3d8e0d61d9ee0433abf04.data 200 - - 38.415 ms
0|ww-1     | 2025-11-06T16:27:16: [loader:root] genres count = 142
0|ww-1     | 2025-11-06T16:27:16: GET /manga/68e3d85cd61d9ee0433abeb7.data 200 - - 107.981 ms
0|ww-1     | 2025-11-06T16:27:18: [loader:root] genres count = 142
0|ww-1     | 2025-11-06T16:27:18: GET /manga/68cda671374e2828c73268b3.data 200 - - 27.558 ms
0|ww-1     | 2025-11-06T16:27:18: POST /api/manga-progress 401 - - 3.130 ms
0|ww-1     | 2025-11-06T16:27:20: [loader:root] genres count = 142
0|ww-1     | 2025-11-06T16:27:20: GET /manga/690cb3f931ea0e89ab2407a2.data 200 - - 22.638 ms
0|ww-1     | 2025-11-06T16:27:20: [loader:root] genres count = 142
0|ww-1     | 2025-11-06T16:27:20: GET /manga/690cb3f931ea0e89ab2407a2.data 200 - - 21.495 ms
0|ww-1     | 2025-11-06T16:27:21: GET /api/manga-rating?mangaId=690cb3f931ea0e89ab2407a2 200 - - 12.085 ms
0|ww-1     | 2025-11-06T16:27:21: GET /api/comments?page=1&limit=5&mangaId=690cb3f931ea0e89ab2407a2 200 - - 7.029 ms
0|ww-1     | 2025-11-06T16:27:21: [loader:root] genres count = 142
0|ww-1     | 2025-11-06T16:27:21: GET /manga/68dc23654cc992ac383d7114.data 200 - - 43.430 ms
0|ww-1     | 2025-11-06T16:27:21: GET /api/manga-follow?mangaId=68dc23654cc992ac383d7114 200 - - 2.025 ms
0|ww-1     | 2025-11-06T16:27:21: GET /api/manga-progress?mangaId=68dc23654cc992ac383d7114 401 - - 1.158 ms
0|ww-1     | 2025-11-06T16:27:21: GET /api/manga-rating?mangaId=68dc23654cc992ac383d7114 200 - - 5.329 ms
0|ww-1     | 2025-11-06T16:27:23: [loader:root] genres count = 142
0|ww-1     | 2025-11-06T16:27:23: GET /manga/68dc23654cc992ac383d7114 200 - - 61.498 ms
0|ww-1     | 2025-11-06T16:27:24: GET /api/manga-follow?mangaId=68dc23654cc992ac383d7114 200 - - 3.940 ms
0|ww-1     | 2025-11-06T16:27:24: GET /api/manga-rating?mangaId=68dc23654cc992ac383d7114 200 - - 8.978 ms
0|ww-1     | 2025-11-06T16:27:24: GET /api/comments?page=1&limit=5&mangaId=68dc23654cc992ac383d7114 200 - - 6.396 ms
0|ww-1     | 2025-11-06T16:27:24: [loader:root] genres count = 142
0|ww-1     | 2025-11-06T16:27:24: GET /manga/chapter/68dc23654cc992ac383d7114.data?chapterNumber=3 200 - - 33.717 ms
0|ww-1     | 2025-11-06T16:27:24: GET /api/chapters/list.data?mangaId=68dc23654cc992ac383d7114&_routes=routes%2Fapi.chapters.list 200 - - 4.600 ms
0|ww-1     | 2025-11-06T16:27:25: [loader:root] genres count = 142
0|ww-1     | 2025-11-06T16:27:25: GET / 200 - - 51.882 ms
0|ww-1     | 2025-11-06T16:27:27: GET /api/comments?page=1&limit=5&mangaId=68dc23654cc992ac383d7114 200 - - 6.240 ms
0|ww-1     | 2025-11-06T16:27:27: POST /api/manga-progress 401 - - 1.929 ms
0|ww-1     | 2025-11-06T16:27:29: [loader:root] genres count = 142
0|ww-1     | 2025-11-06T16:27:29: GET /manga/68cda671374e2828c73268b3.data 200 - - 48.605 ms
0|ww-1     | 2025-11-06T16:27:30: GET /__manifest?p=%2Fauthors%2Fkhong-ro&p=%2Fauthors%2Frosaria&p=%2Fgenres%2F3d-hentai&p=%2Fgenres%2Faction&p=%2Fgenres%2Fadult&p=%2Fgenres%2Fbdsm&p=%2Fgenres%2Fbig-penis&p=%2Fgenres%2Fsex-toys&p=%2Fgenres%2Fx-ray&p=%2Fmanga%2F68cda671374e2828c73268b3&p=%2Fmanga%2F68d1de203d7760ae19644145&p=%2Fmanga%2F68dc23654cc992ac383d7114&p=%2Fmanga%2F68e2ea7c8a205502ed9928fe&p=%2Fmanga%2F68fe4a35fb6f20cf361687d1&p=%2Fmanga%2F6907582371314a3e981742d2&p=%2Fmanga%2F690874f9939dd9e3d09d13e7&p=%2Fmanga%2F6908c801206ef6c57464f438&p=%2Fmanga%2F6908f239581fb9798a2c8da1&p=%2Fmanga%2F690a116f2535c325815abf53&p=%2Fmanga%2F690cb3f931ea0e89ab2407a2&p=%2Fmanga%2F690cb59631ea0e89ab240832&p=%2Fmanga%2F690cb646971033dc8db60b4d&p=%2Fmanga%2F690cb776971033dc8db60d31&p=%2Fmanga%2F690cb87d971033dc8db60dff&p=%2Fmanga%2F690cbe6fd57faf007f7d44ae&p=%2Fmanga%2Fchapter%2F68cda671374e2828c73268b3&version=19c1149e 200 - - 15.403 ms
0|ww-1     | 2025-11-06T16:27:30: GET /api/manga-follow?mangaId=68cda671374e2828c73268b3 200 - - 1.237 ms
0|ww-1     | 2025-11-06T16:27:30: GET /api/manga-rating?mangaId=68cda671374e2828c73268b3 200 - - 4.177 ms
0|ww-1     | 2025-11-06T16:27:30: GET /api/comments?page=1&limit=5&mangaId=68cda671374e2828c73268b3 200 - - 28.910 ms
0|ww-1     | 2025-11-06T16:27:37: POST /api/reading-reward.data 401 - - 4.413 ms
0|ww-1     | 2025-11-06T16:27:45: POST /api/manga-progress 401 - - 2.699 ms
0|ww-1     | 2025-11-06T16:27:49: [loader:root] genres count = 142
0|ww-1     | 2025-11-06T16:27:49: GET /manga/chapter/68d332d0df1b795b3ce24087?chapterNumber=1 200 - - 28.000 ms
0|ww-1     | 2025-11-06T16:27:51: [loader:root] genres count = 142
0|ww-1     | 2025-11-06T16:27:51: GET /manga/chapter/68d1de203d7760ae19644145.data?chapterNumber=12 200 - - 32.468 ms
0|ww-1     | 2025-11-06T16:27:57: POST /api/chapter-view 200 - - 19.014 ms
0|ww-1     | 2025-11-06T16:27:57: Đã ghi interaction: view cho manga 68dc23654cc992ac383d7114
0|ww-1     | 2025-11-06T16:28:21: [loader:root] genres count = 142
0|ww-1     | 2025-11-06T16:28:21: GET /manga/chapter/68dc23654cc992ac383d7114.data?chapterNumber=6 200 - - 51.086 ms
0|ww-1     | 2025-11-06T16:28:29: [loader:root] genres count = 142
0|ww-1     | 2025-11-06T16:28:29: GET /manga/690cbe6fd57faf007f7d44ae.data 200 - - 42.378 ms
0|ww-1     | 2025-11-06T16:28:35: [loader:root] genres count = 142
0|ww-1     | 2025-11-06T16:28:35: GET /manga/chapter/68dc23654cc992ac383d7114.data?chapterNumber=7 200 - - 30.517 ms
0|ww-1     | 2025-11-06T16:28:45: POST /api/reading-exp.data 401 - - 4.502 ms
0|ww-1     | 2025-11-06T16:28:51: POST /api/reading-reward.data 401 - - 4.098 ms
0|ww-1     | 2025-11-06T16:29:35: GET /__manifest?p=%2Fapi%2Freading-reward&version=19c1149e 200 - - 3.123 ms
0|ww-1     | 2025-11-06T16:29:46: POST /api/manga-progress 401 - - 2.430 ms
0|ww-1     | 2025-11-06T16:29:53: GET /api/manga-progress?mangaId=68dc23654cc992ac383d7114 401 - - 1.653 ms
0|ww-1     | 2025-11-06T16:29:53: GET /api/manga-follow?mangaId=68dc23654cc992ac383d7114 200 - - 2.924 ms
0|ww-1     | 2025-11-06T16:29:58: [loader:root] genres count = 142
0|ww-1     | 2025-11-06T16:29:58: GET /manga/chapter/68dc23654cc992ac383d7114.data?chapterNumber=3 200 - - 33.663 ms
0|ww-1     | 2025-11-06T16:29:58: POST /api/manga-progress 401 - - 2.302 ms
0|ww-1     | 2025-11-06T16:29:58: GET /api/chapters/list.data?mangaId=68dc23654cc992ac383d7114&_routes=routes%2Fapi.chapters.list 200 - - 4.649 ms
0|ww-1     | 2025-11-06T16:30:00: Bắt đầu tính toán leaderboard daily...
0|ww-1     | 2025-11-06T16:30:00: Hoàn thành tính toán leaderboard daily
0|ww-1     | 2025-11-06T16:30:00: GET /api/manga-follow?mangaId=68dc23654cc992ac383d7114 200 - - 6.105 ms
0|ww-1     | 2025-11-06T16:30:00: GET /api/comments?page=1&limit=5&mangaId=68dc23654cc992ac383d7114 200 - - 5.832 ms
0|ww-1     | 2025-11-06T16:30:03: [loader:root] genres count = 142
0|ww-1     | 2025-11-06T16:30:03: GET /manga/chapter/68dc23654cc992ac383d7114.data?chapterNumber=4 200 - - 39.337 ms
0|ww-1     | 2025-11-06T16:30:03: GET /api/comments?page=1&limit=5&mangaId=68dc23654cc992ac383d7114 200 - - 5.693 ms
0|ww-1     | 2025-11-06T16:30:03: GET /api/chapters/list.data?mangaId=68dc23654cc992ac383d7114&_routes=routes%2Fapi.chapters.list 200 - - 6.832 ms
0|ww-1     | 2025-11-06T16:30:25: GET /api/manga-follow?mangaId=68cda671374e2828c73268b3 200 - - 1.619 ms
0|ww-1     | 2025-11-06T16:30:25: GET /api/manga-like?mangaId=68cda671374e2828c73268b3 200 - - 1.860 ms
0|ww-1     | 2025-11-06T16:30:25: GET /api/manga-progress?mangaId=68cda671374e2828c73268b3 401 - - 2.217 ms
0|ww-1     | 2025-11-06T16:30:25: GET /__manifest?p=%2Fauthors%2Fkhong-ro&p=%2Fauthors%2Frosaria&p=%2Fgenres%2F3d-hentai&p=%2Fgenres%2Faction&p=%2Fgenres%2Fadult&p=%2Fgenres%2Fbdsm&p=%2Fgenres%2Fbig-penis&p=%2Fgenres%2Fsex-toys&p=%2Fgenres%2Fx-ray&p=%2Fmanga%2F68cda671374e2828c73268b3&p=%2Fmanga%2F68d1de203d7760ae19644145&p=%2Fmanga%2F68dc23654cc992ac383d7114&p=%2Fmanga%2F68e2ea7c8a205502ed9928fe&p=%2Fmanga%2F68fe4a35fb6f20cf361687d1&p=%2Fmanga%2F6907582371314a3e981742d2&p=%2Fmanga%2F690874f9939dd9e3d09d13e7&p=%2Fmanga%2F6908c801206ef6c57464f438&p=%2Fmanga%2F6908f239581fb9798a2c8da1&p=%2Fmanga%2F690a116f2535c325815abf53&p=%2Fmanga%2F690cb3f931ea0e89ab2407a2&p=%2Fmanga%2F690cb59631ea0e89ab240832&p=%2Fmanga%2F690cb646971033dc8db60b4d&p=%2Fmanga%2F690cb776971033dc8db60d31&p=%2Fmanga%2F690cb87d971033dc8db60dff&p=%2Fmanga%2F690cbe6fd57faf007f7d44ae&p=%2Fmanga%2Fchapter%2F68cda671374e2828c73268b3&version=19c1149e 200 - - 26.363 ms
0|ww-1     | 2025-11-06T16:30:27: [loader:root] genres count = 142
0|ww-1     | 2025-11-06T16:30:27: GET /genres/3d-hentai 200 - - 47.857 ms
0|ww-1     | 2025-11-06T16:30:28: GET /__manifest?p=%2Fchinh-sach-bao-mat&p=%2Fdieu-khoan&p=%2Fgenres%2F3d-hentai&p=%2Fgenres%2Fahegao&p=%2Fgenres%2Fanal&p=%2Fgenres%2Fbdsm&p=%2Fgenres%2Fbig-ass&p=%2Fgenres%2Fbig-boobs&p=%2Fgenres%2Fblowjobs&p=%2Fgenres%2Fcosplay&p=%2Fgenres%2Fdoujinshi&p=%2Fgenres%2Fecchi&p=%2Fgenres%2Felf&p=%2Fgenres%2Ffantasy&p=%2Fgenres%2Ffull-color&p=%2Fgenres%2Fharem&p=%2Fgenres%2Fhorror&p=%2Fgenres%2Fisekai&p=%2Fgenres%2Fmaids&p=%2Fgenres%2Fmanhwa&p=%2Fgenres%2Fmilf&p=%2Fgenres%2Fmind-break&p=%2Fgenres%2Fntr&p=%2Fgenres%2Fnun&p=%2Fgenres%2Fnurse&p=%2Fgenres%2Fpregnant&p=%2Fgenres%2Fquan-tat&p=%2Fgenres%2Fromance&p=%2Fgenres%2Fschoolgirl&p=%2Fgenres%2Fsoft-incest&p=%2Fgenres%2Fvanilla&p=%2Fgioi-thieu&p=%2Flien-he&p=%2Fmanga%2F68cda671374e2828c73268b3&p=%2Fmanga%2F68dc23654cc992ac383d7114&p=%2Fmanga%2F68de6e39f8d13a5aa7678cf3&p=%2Fmanga%2F68de75f33b97dd27758e52c5&p=%2Fmanga%2F68e2ea7c8a205502ed9928fe&p=%2Fmanga%2F68fe4a35fb6f20cf361687d1&p=%2Fmanga%2F68ff84abfb6f20cf3616a3a2&p=%2Fmanga%2F690490788875a84766ba2b97&p=%2Fmanga%2F6908740f41fe4d473a6654bc&p=%2Fmanga%2F690874f9939dd9e3d09d13e7&p=%2Fmanga%2F6908c801206ef6c57464f438&p=%2Fmanga%2F690cb3f931ea0e89ab2407a2&version=19c1149e 200 - - 22.324 ms
0|ww-1     | 2025-11-06T16:30:29: [loader:root] genres count = 142
0|ww-1     | 2025-11-06T16:30:29: GET /manga/690874f9939dd9e3d09d13e7.data 200 - - 47.304 ms
0|ww-1     | 2025-11-06T16:30:29: [loader:root] genres count = 142
0|ww-1     | 2025-11-06T16:30:29: GET /manga/690874f9939dd9e3d09d13e7.data 200 - - 27.824 ms
0|ww-1     | 2025-11-06T16:30:30: GET /api/manga-follow?mangaId=690874f9939dd9e3d09d13e7 200 - - 3.283 ms
0|ww-1     | 2025-11-06T16:30:30: GET /__manifest?p=%2Fauthors%2Fdich-sau-oi&p=%2Fgenres%2F3d-hentai&p=%2Fgenres%2Fmilf&p=%2Fgenres%2Fntr&p=%2Fmanga%2F68cda671374e2828c73268b3&p=%2Fmanga%2F68d1de203d7760ae19644145&p=%2Fmanga%2F68dc23654cc992ac383d7114&p=%2Fmanga%2F68e2ea7c8a205502ed9928fe&p=%2Fmanga%2F68fe4a35fb6f20cf361687d1&p=%2Fmanga%2F6907582371314a3e981742d2&p=%2Fmanga%2F690874f9939dd9e3d09d13e7&p=%2Fmanga%2F6908c801206ef6c57464f438&p=%2Fmanga%2F6908f239581fb9798a2c8da1&p=%2Fmanga%2F690a116f2535c325815abf53&p=%2Fmanga%2F690cb3f931ea0e89ab2407a2&p=%2Fmanga%2F690cb59631ea0e89ab240832&p=%2Fmanga%2F690cb646971033dc8db60b4d&p=%2Fmanga%2F690cb776971033dc8db60d31&p=%2Fmanga%2F690cb87d971033dc8db60dff&p=%2Fmanga%2F690cbe6fd57faf007f7d44ae&p=%2Fmanga%2Fchapter%2F690874f9939dd9e3d09d13e7&version=19c1149e 200 - - 17.122 ms
0|ww-1     | 2025-11-06T16:30:30: GET /api/manga-progress?mangaId=690874f9939dd9e3d09d13e7 401 - - 1.510 ms
0|ww-1     | 2025-11-06T16:30:30: [loader:root] genres count = 142
0|ww-1     | 2025-11-06T16:30:30: GET /manga/chapter/68dc23654cc992ac383d7114.data?chapterNumber=9 200 - - 18.521 ms
0|ww-1     | 2025-11-06T16:30:33: [loader:root] genres count = 142
0|ww-1     | 2025-11-06T16:30:33: [loader:root] genres count = 142
0|ww-1     | 2025-11-06T16:30:33: GET /manga/chapter/690874f9939dd9e3d09d13e7.data?chapterNumber=1 200 - - 69.199 ms
0|ww-1     | 2025-11-06T16:30:33: GET /manga/chapter/690874f9939dd9e3d09d13e7?chapterNumber=1 200 - - 34.293 ms
0|ww-1     | 2025-11-06T16:30:34: POST /api/manga-progress 401 - - 1.864 ms
0|ww-1     | 2025-11-06T16:30:34: GET /__manifest?p=%2Fapi%2Fchapters%2Flist&version=19c1149e 200 - - 5.066 ms
0|ww-1     | 2025-11-06T16:30:34: GET /__manifest?p=%2Fmanga%2F690874f9939dd9e3d09d13e7&p=%2Fmanga%2F690cb3f931ea0e89ab2407a2&p=%2Fmanga%2F690cb59631ea0e89ab240832&p=%2Fmanga%2F690cb646971033dc8db60b4d&p=%2Fmanga%2F690cb776971033dc8db60d31&p=%2Fmanga%2F690cb87d971033dc8db60dff&p=%2Fmanga%2F690cbe6fd57faf007f7d44ae&version=19c1149e 200 - - 5.664 ms
0|ww-1     | 2025-11-06T16:30:37: [loader:root] genres count = 142
0|ww-1     | 2025-11-06T16:30:37: GET /manga/chapter/68d1de203d7760ae19644145.data?chapterNumber=13 200 - - 23.971 ms
0|ww-1     | 2025-11-06T16:30:43: [loader:root] genres count = 142
0|ww-1     | 2025-11-06T16:30:43: GET / 200 - - 69.975 ms
0|ww-1     | 2025-11-06T16:30:45: GET /__manifest?p=%2Fchinh-sach-bao-mat&p=%2Fdieu-khoan&p=%2Fgenres%2F3d-hentai&p=%2Fgenres%2Fahegao&p=%2Fgenres%2Fanal&p=%2Fgenres%2Fbdsm&p=%2Fgenres%2Fbig-ass&p=%2Fgenres%2Fbig-boobs&p=%2Fgenres%2Fblowjobs&p=%2Fgenres%2Fcosplay&p=%2Fgenres%2Fdoujinshi&p=%2Fgenres%2Fecchi&p=%2Fgenres%2Felf&p=%2Fgenres%2Ffantasy&p=%2Fgenres%2Ffull-color&p=%2Fgenres%2Fharem&p=%2Fgenres%2Fhorror&p=%2Fgenres%2Fisekai&p=%2Fgenres%2Fmaids&p=%2Fgenres%2Fmanhwa&p=%2Fgenres%2Fmilf&p=%2Fgenres%2Fmind-break&p=%2Fgenres%2Fntr&p=%2Fgenres%2Fnun&p=%2Fgenres%2Fnurse&p=%2Fgenres%2Fpregnant&p=%2Fgenres%2Fquan-tat&p=%2Fgenres%2Fromance&p=%2Fgenres%2Fschoolgirl&p=%2Fgenres%2Fsoft-incest&p=%2Fgenres%2Fvanilla&p=%2Fgioi-thieu&p=%2Flien-he&p=%2Fmanga%2F68cda671374e2828c73268b3&p=%2Fmanga%2F68d1de203d7760ae19644145&p=%2Fmanga%2F68dc23654cc992ac383d7114&p=%2Fmanga%2F68e2ea7c8a205502ed9928fe&p=%2Fmanga%2F68e3d3e3d61d9ee0433abd6c&p=%2Fmanga%2F68e3db2bd61d9ee0433abfa3&p=%2Fmanga%2F68fe4a35fb6f20cf361687d1&p=%2Fmanga%2F690490788875a84766ba2b97&p=%2Fmanga%2F6904911a8875a84766ba2c56&p=%2Fmanga%2F6907582371314a3e981742d2&p=%2Fmanga%2F690874f9939dd9e3d09d13e7&p=%2Fmanga%2F6908773041fe4d473a6656f8&p=%2Fmanga%2F6908c801206ef6c57464f438&p=%2Fmanga%2F6908f239581fb9798a2c8da1&p=%2Fmanga%2F690a10812535c325815abefd&p=%2Fmanga%2F690a116f2535c325815abf53&p=%2Fmanga%2F690b60db6a7a5567bb751100&p=%2Fmanga%2F690b62fd6da36d5ac7521dbc&p=%2Fmanga%2F690b650d6da36d5ac7523425&p=%2Fmanga%2F690b66a36da36d5ac7523569&p=%2Fmanga%2F690b6b216da36d5ac75236d5&p=%2Fmanga%2F690b7c095c91edabbe7cb70b&p=%2Fmanga%2F690b8597d80a9447bfdb5583&p=%2Fmanga%2F690b8762f78aec280531dcd4&p=%2Fmanga%2F690b8cf1f78aec280531e46d&p=%2Fmanga%2F690cb3f931ea0e89ab2407a2&p=%2Fmanga%2F690cb59631ea0e89ab240832&p=%2Fmanga%2F690cb646971033dc8db60b4d&p=%2Fmanga%2F690cb776971033dc8db60d31&p=%2Fmanga%2F690cb87d971033dc8db60dff&p=%2Fmanga%2F690cbe6fd57faf007f7d44ae&p=%2Fmanga%2Fundefined&p=%2Fprofile%2F68bef98d72ac3e881f540754&p=%2Fprofile%2F68d194674272c9c883eae04d&p=%2Fprofile%2F68ead29dfec25e45bedabade&p=%2Fprofile%2F68efcd72872b245c29aaadca&p=%2Fprofile%2F68fe4931fb6f20cf361687b8&p=%2Fprofile%2F69004ecad12de330c48f1f3b&p=%2Fprofile%2F690248a8d12de330c4903a6a&p=%2Fprofile%2F6902d0d148e3570c57a6f053&p=%2Fprofile%2F6902d44150c22e85424ce15b&p=%2Fprofile%2F6904632d7793d07d250b80bf&version=19c1149e 200 - - 37.784 ms
0|ww-1     | 2025-11-06T16:30:51: GET /__manifest?p=%2Fmanga%2Fchapter%2F690874f9939dd9e3d09d13e7&version=19c1149e 200 - - 1.711 ms
0|ww-1     | 2025-11-06T16:30:52: [loader:root] genres count = 142
0|ww-1     | 2025-11-06T16:30:52: GET /manga/chapter/690874f9939dd9e3d09d13e7.data?chapterNumber=2 200 - - 19.521 ms
0|ww-1     | 2025-11-06T16:30:53: [loader:root] genres count = 142
0|ww-1     | 2025-11-06T16:30:53: GET /genres/3d-hentai 200 - - 28.576 ms
0|ww-1     | 2025-11-06T16:30:54: [loader:root] genres count = 142
0|ww-1     | 2025-11-06T16:30:54: GET /manga/690cb3f931ea0e89ab2407a2.data 200 - - 26.869 ms
0|ww-1     | 2025-11-06T16:30:56: [loader:root] genres count = 142
0|ww-1     | 2025-11-06T16:30:56: GET /manga/68de75f33b97dd27758e52c5.data 200 - - 25.637 ms
0|ww-1     | 2025-11-06T16:31:03: [loader:root] genres count = 142
0|ww-1     | 2025-11-06T16:31:03: GET /manga/chapter/690874f9939dd9e3d09d13e7.data?chapterNumber=1 200 - - 22.070 ms
0|ww-1     | 2025-11-06T16:31:04: POST /api/manga-progress 401 - - 2.451 ms
0|ww-1     | 2025-11-06T16:31:04: POST /api/chapter-view 200 - - 14.634 ms
0|ww-1     | 2025-11-06T16:31:04: Đã ghi interaction: view cho manga 690874f9939dd9e3d09d13e7
0|ww-1     | 2025-11-06T16:31:05: [loader:root] genres count = 142
0|ww-1     | 2025-11-06T16:31:05: GET /manga/690874f9939dd9e3d09d13e7 200 - - 55.617 ms
0|ww-1     | 2025-11-06T16:31:05: GET /api/manga-like?mangaId=690874f9939dd9e3d09d13e7 200 - - 4.006 ms
0|ww-1     | 2025-11-06T16:31:05: GET /api/manga-progress?mangaId=690874f9939dd9e3d09d13e7 401 - - 2.119 ms
0|ww-1     | 2025-11-06T16:31:08: [loader:root] genres count = 142
0|ww-1     | 2025-11-06T16:31:08: GET /manga/chapter/690874f9939dd9e3d09d13e7.data?chapterNumber=5 200 - - 26.534 ms
0|ww-1     | 2025-11-06T16:31:09: GET /api/comments?page=1&limit=5&mangaId=690874f9939dd9e3d09d13e7 200 - - 6.084 ms
0|ww-1     | 2025-11-06T16:31:09: GET /__manifest?p=%2Fmanga%2F690874f9939dd9e3d09d13e7&p=%2Fmanga%2F690cb3f931ea0e89ab2407a2&p=%2Fmanga%2F690cb59631ea0e89ab240832&p=%2Fmanga%2F690cb646971033dc8db60b4d&p=%2Fmanga%2F690cb776971033dc8db60d31&p=%2Fmanga%2F690cb87d971033dc8db60dff&p=%2Fmanga%2F690cbe6fd57faf007f7d44ae&version=19c1149e 200 - - 4.350 ms
0|ww-1     | 2025-11-06T16:31:09: POST /api/manga-progress 401 - - 2.081 ms
0|ww-1     | 2025-11-06T16:31:11: GET /api/comments?page=1&limit=5&mangaId=690874f9939dd9e3d09d13e7 200 - - 4.724 ms
0|ww-1     | 2025-11-06T16:31:11: GET /api/chapters/list.data?mangaId=690874f9939dd9e3d09d13e7&_routes=routes%2Fapi.chapters.list 200 - - 4.797 ms
0|ww-1     | 2025-11-06T16:31:12: GET /api/comments?page=1&limit=5&mangaId=690874f9939dd9e3d09d13e7 200 - - 5.228 ms
0|ww-1     | 2025-11-06T16:31:12: GET /api/manga-follow?mangaId=690874f9939dd9e3d09d13e7 200 - - 2.224 ms
0|ww-1     | 2025-11-06T16:31:12: GET /api/manga-progress?mangaId=690874f9939dd9e3d09d13e7 401 - - 1.807 ms
0|ww-1     | 2025-11-06T16:31:13: GET /api/manga-follow?mangaId=690874f9939dd9e3d09d13e7 200 - - 1.833 ms
0|ww-1     | 2025-11-06T16:31:13: GET /api/comments?page=1&limit=5&mangaId=690874f9939dd9e3d09d13e7 200 - - 4.255 ms
0|ww-1     | 2025-11-06T16:31:13: GET /api/manga-progress?mangaId=690874f9939dd9e3d09d13e7 401 - - 1.524 ms
0|ww-1     | 2025-11-06T16:31:16: [loader:root] genres count = 142
0|ww-1     | 2025-11-06T16:31:16: GET /manga/68cda671374e2828c73268b3.data 200 - - 32.152 ms
0|ww-1     | 2025-11-06T16:31:18: [loader:root] genres count = 142
0|ww-1     | 2025-11-06T16:31:18: GET /manga/690cb59631ea0e89ab240832.data 200 - - 29.364 ms
0|ww-1     | 2025-11-06T16:31:18: [loader:root] genres count = 142
0|ww-1     | 2025-11-06T16:31:19: GET /manga/6908773041fe4d473a6656f8.data 200 - - 33.388 ms
0|ww-1     | 2025-11-06T16:31:20: [loader:root] genres count = 142
0|ww-1     | 2025-11-06T16:31:20: GET /manga/690b62fd6da36d5ac7521dbc.data 200 - - 23.003 ms
0|ww-1     | 2025-11-06T16:31:29: [loader:root] genres count = 142
0|ww-1     | 2025-11-06T16:31:29: GET /manga/68cda671374e2828c73268b3 200 - - 52.553 ms
0|ww-1     | 2025-11-06T16:31:29: GET /api/manga-follow?mangaId=68cda671374e2828c73268b3 200 - - 1.615 ms
0|ww-1     | 2025-11-06T16:31:29: GET /__manifest?p=%2Fauthors%2Fkhong-ro&p=%2Fauthors%2Frosaria&p=%2Fgenres%2F3d-hentai&p=%2Fgenres%2Faction&p=%2Fgenres%2Fadult&p=%2Fgenres%2Fbdsm&p=%2Fgenres%2Fbig-penis&p=%2Fgenres%2Fsex-toys&p=%2Fgenres%2Fx-ray&p=%2Fmanga%2F68cda671374e2828c73268b3&p=%2Fmanga%2F68d1de203d7760ae19644145&p=%2Fmanga%2F68dc23654cc992ac383d7114&p=%2Fmanga%2F68e2ea7c8a205502ed9928fe&p=%2Fmanga%2F68fe4a35fb6f20cf361687d1&p=%2Fmanga%2F6907582371314a3e981742d2&p=%2Fmanga%2F690874f9939dd9e3d09d13e7&p=%2Fmanga%2F6908c801206ef6c57464f438&p=%2Fmanga%2F6908f239581fb9798a2c8da1&p=%2Fmanga%2F690a116f2535c325815abf53&p=%2Fmanga%2F690cb3f931ea0e89ab2407a2&p=%2Fmanga%2F690cb59631ea0e89ab240832&p=%2Fmanga%2F690cb646971033dc8db60b4d&p=%2Fmanga%2F690cb776971033dc8db60d31&p=%2Fmanga%2F690cb87d971033dc8db60dff&p=%2Fmanga%2F690cbe6fd57faf007f7d44ae&p=%2Fmanga%2Fchapter%2F68cda671374e2828c73268b3&version=19c1149e 200 - - 17.104 ms
0|ww-1     | 2025-11-06T16:31:30: GET /api/comments?page=1&limit=5&mangaId=68cda671374e2828c73268b3 200 - - 7.973 ms
0|ww-1     | 2025-11-06T16:31:32: [loader:root] genres count = 142
0|ww-1     | 2025-11-06T16:31:32: GET /manga/690cb87d971033dc8db60dff 200 - - 32.604 ms
0|ww-1     | 2025-11-06T16:31:32: [loader:root] genres count = 142
0|ww-1     | 2025-11-06T16:31:32: GET /manga/chapter/68cda671374e2828c73268b3.data?chapterNumber=6 200 - - 21.934 ms
0|ww-1     | 2025-11-06T16:31:33: GET /__manifest?p=%2Fmanga%2F68cda671374e2828c73268b3&p=%2Fmanga%2F690cb3f931ea0e89ab2407a2&p=%2Fmanga%2F690cb59631ea0e89ab240832&p=%2Fmanga%2F690cb646971033dc8db60b4d&p=%2Fmanga%2F690cb776971033dc8db60d31&p=%2Fmanga%2F690cb87d971033dc8db60dff&p=%2Fmanga%2F690cbe6fd57faf007f7d44ae&version=19c1149e 200 - - 7.220 ms
0|ww-1     | 2025-11-06T16:31:33: POST /api/manga-progress 401 - - 1.858 ms
0|ww-1     | 2025-11-06T16:31:50: [loader:root] genres count = 142
0|ww-1     | 2025-11-06T16:31:50: GET /manga/chapter/690874f9939dd9e3d09d13e7.data?chapterNumber=2 200 - - 31.602 ms
0|ww-1     | 2025-11-06T16:31:51: POST /api/manga-progress 401 - - 3.378 ms
0|ww-1     | 2025-11-06T16:31:56: [loader:root] genres count = 142
0|ww-1     | 2025-11-06T16:31:56: GET /manga/690cb59631ea0e89ab240832.data 200 - - 29.538 ms
0|ww-1     | 2025-11-06T16:32:01: [loader:root] genres count = 142
0|ww-1     | 2025-11-06T16:32:01: GET /manga/chapter/690874f9939dd9e3d09d13e7.data?chapterNumber=3 200 - - 23.596 ms
0|ww-1     | 2025-11-06T16:32:03: POST /api/chapter-view 200 - - 9.397 ms
0|ww-1     | 2025-11-06T16:32:03: Đã ghi interaction: view cho manga 68cda671374e2828c73268b3
0|ww-1     | 2025-11-06T16:32:05: [loader:root] genres count = 142
0|ww-1     | 2025-11-06T16:32:05: GET /genres/full-color 200 - - 35.224 ms
0|ww-1     | 2025-11-06T16:32:06: GET /__manifest?p=%2Fchinh-sach-bao-mat&p=%2Fdieu-khoan&p=%2Fgenres%2F3d-hentai&p=%2Fgenres%2Fahegao&p=%2Fgenres%2Fanal&p=%2Fgenres%2Fbdsm&p=%2Fgenres%2Fbig-ass&p=%2Fgenres%2Fbig-boobs&p=%2Fgenres%2Fblowjobs&p=%2Fgenres%2Fcosplay&p=%2Fgenres%2Fdoujinshi&p=%2Fgenres%2Fecchi&p=%2Fgenres%2Felf&p=%2Fgenres%2Ffantasy&p=%2Fgenres%2Ffull-color&p=%2Fgenres%2Fharem&p=%2Fgenres%2Fhorror&p=%2Fgenres%2Fisekai&p=%2Fgenres%2Fmaids&p=%2Fgenres%2Fmanhwa&p=%2Fgenres%2Fmilf&p=%2Fgenres%2Fmind-break&p=%2Fgenres%2Fntr&p=%2Fgenres%2Fnun&p=%2Fgenres%2Fnurse&p=%2Fgenres%2Fpregnant&p=%2Fgenres%2Fquan-tat&p=%2Fgenres%2Fromance&p=%2Fgenres%2Fschoolgirl&p=%2Fgenres%2Fsoft-incest&p=%2Fgenres%2Fvanilla&p=%2Fgioi-thieu&p=%2Flien-he&p=%2Fmanga%2F68cda671374e2828c73268b3&p=%2Fmanga%2F68ff87a5fb6f20cf3616a6c5&p=%2Fmanga%2F69024813bd94abd6386204e2&p=%2Fmanga%2F69038dcb50c22e85424d8aac&p=%2Fmanga%2F690490788875a84766ba2b97&p=%2Fmanga%2F6905e0ffb316779c2f10b484&p=%2Fmanga%2F6907a12641fe4d473a660392&p=%2Fmanga%2F6908740f41fe4d473a6654bc&p=%2Fmanga%2F690875f9939dd9e3d09d14f0&p=%2Fmanga%2F6908c801206ef6c57464f438&p=%2Fmanga%2F690a10812535c325815abefd&p=%2Fmanga%2F690a116f2535c325815abf53&p=%2Fmanga%2F690a12a82535c325815ac10b&p=%2Fmanga%2F690a3194a690724f0a3a2e92&p=%2Fmanga%2F690a3307a690724f0a3a2f16&p=%2Fmanga%2F690b213e2b8dcd4497e68322&p=%2Fmanga%2F690b66a36da36d5ac7523569&p=%2Fmanga%2F690b8762f78aec280531dcd4&version=19c1149e 200 - - 26.610 ms
0|ww-1     | 2025-11-06T16:32:12: 
0|ww-1     | 2025-11-06T16:32:12: > start
0|ww-1     | 2025-11-06T16:32:12: > react-router-serve ./build/server/index.js
0|ww-1     | 2025-11-06T16:32:12: 
0|ww-1     | 2025-11-06T16:32:13: Connecting to MongoDB...
0|ww-1     | 2025-11-06T16:32:13: [react-router-serve] http://localhost:3001 (http://72.60.40.17:3001)
0|ww-1     | 2025-11-06T16:32:13: Connected to MongoDB!
0|ww-1     | 2025-11-06T16:32:25: GET /api/manga-rating?mangaId=68dc23654cc992ac383d7114 200 - - 52.484 ms
0|ww-1     | 2025-11-06T16:32:28: [loader:root] genres count = 142
0|ww-1     | 2025-11-06T16:32:28: GET /manga/chapter/68dc23654cc992ac383d7114?chapterNumber=5 200 - - 82.210 ms
0|ww-1     | 2025-11-06T16:32:29: GET /api/comments?page=1&limit=5&mangaId=68dc23654cc992ac383d7114 200 - - 12.197 ms
0|ww-1     | 2025-11-06T16:32:31: [loader:root] genres count = 142
0|ww-1     | 2025-11-06T16:32:31: GET /_root.data 200 - - 76.654 ms
0|ww-1     | 2025-11-06T16:32:35: GET /__manifest?p=%2Fchinh-sach-bao-mat&p=%2Fdieu-khoan&p=%2Fgenres%2F3d-hentai&p=%2Fgenres%2Fahegao&p=%2Fgenres%2Fanal&p=%2Fgenres%2Fbdsm&p=%2Fgenres%2Fbig-ass&p=%2Fgenres%2Fbig-boobs&p=%2Fgenres%2Fblowjobs&p=%2Fgenres%2Fcosplay&p=%2Fgenres%2Fdoujinshi&p=%2Fgenres%2Fecchi&p=%2Fgenres%2Felf&p=%2Fgenres%2Ffantasy&p=%2Fgenres%2Ffull-color&p=%2Fgenres%2Fharem&p=%2Fgenres%2Fhorror&p=%2Fgenres%2Fisekai&p=%2Fgenres%2Fmaids&p=%2Fgenres%2Fmanhwa&p=%2Fgenres%2Fmilf&p=%2Fgenres%2Fmind-break&p=%2Fgenres%2Fntr&p=%2Fgenres%2Fnun&p=%2Fgenres%2Fnurse&p=%2Fgenres%2Fpregnant&p=%2Fgenres%2Fquan-tat&p=%2Fgenres%2Fromance&p=%2Fgenres%2Fschoolgirl&p=%2Fgenres%2Fsoft-incest&p=%2Fgenres%2Fvanilla&p=%2Fgioi-thieu&p=%2Flien-he&p=%2Fmanga%2F68cda671374e2828c73268b3&p=%2Fmanga%2F68d1de203d7760ae19644145&p=%2Fmanga%2F68dc23654cc992ac383d7114&p=%2Fmanga%2F68e2ea7c8a205502ed9928fe&p=%2Fmanga%2F68e3d3e3d61d9ee0433abd6c&p=%2Fmanga%2F68e3db2bd61d9ee0433abfa3&p=%2Fmanga%2F68fe4a35fb6f20cf361687d1&p=%2Fmanga%2F690490788875a84766ba2b97&p=%2Fmanga%2F6904911a8875a84766ba2c56&p=%2Fmanga%2F6907582371314a3e981742d2&p=%2Fmanga%2F6908773041fe4d473a6656f8&p=%2Fmanga%2F6908c801206ef6c57464f438&p=%2Fmanga%2F6908f239581fb9798a2c8da1&p=%2Fmanga%2F690a10812535c325815abefd&p=%2Fmanga%2F690a116f2535c325815abf53&p=%2Fmanga%2F690b60db6a7a5567bb751100&p=%2Fmanga%2F690b62fd6da36d5ac7521dbc&p=%2Fmanga%2F690b650d6da36d5ac7523425&p=%2Fmanga%2F690b66a36da36d5ac7523569&p=%2Fmanga%2F690b6b216da36d5ac75236d5&p=%2Fmanga%2F690b7c095c91edabbe7cb70b&p=%2Fmanga%2F690b8597d80a9447bfdb5583&p=%2Fmanga%2F690b8762f78aec280531dcd4&p=%2Fmanga%2F690b8cf1f78aec280531e46d&p=%2Fmanga%2Fundefined&p=%2Fprofile%2F68bef98d72ac3e881f540754&p=%2Fprofile%2F68d194674272c9c883eae04d&p=%2Fprofile%2F68ead29dfec25e45bedabade&p=%2Fprofile%2F68efcd72872b245c29aaadca&p=%2Fprofile%2F68fe4931fb6f20cf361687b8&p=%2Fprofile%2F69004ecad12de330c48f1f3b&p=%2Fprofile%2F690248a8d12de330c4903a6a&p=%2Fprofile%2F6902d0d148e3570c57a6f053&p=%2Fprofile%2F6902d44150c22e85424ce15b&p=%2Fprofile%2F6904632d7793d07d250b80bf&version=19c1149e 200 - - 58.439 ms
0|ww-1     | 2025-11-06T16:32:51: [loader:root] genres count = 142
0|ww-1     | 2025-11-06T16:32:51: GET /manga/68cda671374e2828c73268b3 200 - - 76.769 ms
0|ww-1     | 2025-11-06T16:32:52: GET /api/manga-progress?mangaId=68cda671374e2828c73268b3 401 - - 5.845 ms
0|ww-1     | 2025-11-06T16:32:52: GET /api/comments?page=1&limit=5&mangaId=68cda671374e2828c73268b3 200 - - 14.375 ms
0|ww-1     | 2025-11-06T16:32:52: GET /__manifest?p=%2Fauthors%2Fkhong-ro&p=%2Fauthors%2Frosaria&p=%2Fgenres%2F3d-hentai&p=%2Fgenres%2Faction&p=%2Fgenres%2Fadult&p=%2Fgenres%2Fbdsm&p=%2Fgenres%2Fbig-penis&p=%2Fgenres%2Fsex-toys&p=%2Fgenres%2Fx-ray&p=%2Fmanga%2F68cda671374e2828c73268b3&p=%2Fmanga%2F68d1de203d7760ae19644145&p=%2Fmanga%2F68dc23654cc992ac383d7114&p=%2Fmanga%2F68e2ea7c8a205502ed9928fe&p=%2Fmanga%2F68fe4a35fb6f20cf361687d1&p=%2Fmanga%2F6907582371314a3e981742d2&p=%2Fmanga%2F690874f9939dd9e3d09d13e7&p=%2Fmanga%2F6908c801206ef6c57464f438&p=%2Fmanga%2F6908f239581fb9798a2c8da1&p=%2Fmanga%2F690a116f2535c325815abf53&p=%2Fmanga%2F690cb3f931ea0e89ab2407a2&p=%2Fmanga%2F690cb59631ea0e89ab240832&p=%2Fmanga%2F690cb646971033dc8db60b4d&p=%2Fmanga%2F690cb776971033dc8db60d31&p=%2Fmanga%2F690cb87d971033dc8db60dff&p=%2Fmanga%2F690cbe6fd57faf007f7d44ae&p=%2Fmanga%2Fchapter%2F68cda671374e2828c73268b3&version=19c1149e 200 - - 26.361 ms
0|ww-1     | 2025-11-06T16:32:56: [loader:root] genres count = 142
0|ww-1     | 2025-11-06T16:32:56: GET /genres/3d-hentai.data 200 - - 40.377 ms
0|ww-1     | 2025-11-06T16:32:57: GET /__manifest?p=%2Fchinh-sach-bao-mat&p=%2Fdieu-khoan&p=%2Fgenres%2F3d-hentai&p=%2Fgenres%2Fahegao&p=%2Fgenres%2Fanal&p=%2Fgenres%2Fbdsm&p=%2Fgenres%2Fbig-ass&p=%2Fgenres%2Fbig-boobs&p=%2Fgenres%2Fblowjobs&p=%2Fgenres%2Fcosplay&p=%2Fgenres%2Fdoujinshi&p=%2Fgenres%2Fecchi&p=%2Fgenres%2Felf&p=%2Fgenres%2Ffantasy&p=%2Fgenres%2Ffull-color&p=%2Fgenres%2Fharem&p=%2Fgenres%2Fhorror&p=%2Fgenres%2Fisekai&p=%2Fgenres%2Fmaids&p=%2Fgenres%2Fmanhwa&p=%2Fgenres%2Fmilf&p=%2Fgenres%2Fmind-break&p=%2Fgenres%2Fntr&p=%2Fgenres%2Fnun&p=%2Fgenres%2Fnurse&p=%2Fgenres%2Fpregnant&p=%2Fgenres%2Fquan-tat&p=%2Fgenres%2Fromance&p=%2Fgenres%2Fschoolgirl&p=%2Fgenres%2Fsoft-incest&p=%2Fgenres%2Fvanilla&p=%2Fgioi-thieu&p=%2Flien-he&p=%2Fmanga%2F68cda671374e2828c73268b3&p=%2Fmanga%2F68dc23654cc992ac383d7114&p=%2Fmanga%2F68de6e39f8d13a5aa7678cf3&p=%2Fmanga%2F68de75f33b97dd27758e52c5&p=%2Fmanga%2F68e2ea7c8a205502ed9928fe&p=%2Fmanga%2F68fe4a35fb6f20cf361687d1&p=%2Fmanga%2F68ff84abfb6f20cf3616a3a2&p=%2Fmanga%2F690490788875a84766ba2b97&p=%2Fmanga%2F6908740f41fe4d473a6654bc&p=%2Fmanga%2F690874f9939dd9e3d09d13e7&p=%2Fmanga%2F6908c801206ef6c57464f438&p=%2Fmanga%2F690cb3f931ea0e89ab2407a2&version=19c1149e 200 - - 28.940 ms
0|ww-1     | 2025-11-06T16:32:57: [loader:root] genres count = 142
0|ww-1     | 2025-11-06T16:32:58: GET /manga/690874f9939dd9e3d09d13e7 200 - - 69.320 ms
0|ww-1     | 2025-11-06T16:32:58: [loader:root] genres count = 142
0|ww-1     | 2025-11-06T16:32:58: GET /manga/690874f9939dd9e3d09d13e7.data 200 - - 40.546 ms
0|ww-1     | 2025-11-06T16:32:58: GET /api/manga-rating?mangaId=690874f9939dd9e3d09d13e7 200 - - 4.957 ms
0|ww-1     | 2025-11-06T16:32:58: GET /__manifest?p=%2Fauthors%2Fdich-sau-oi&p=%2Fgenres%2F3d-hentai&p=%2Fgenres%2Fmilf&p=%2Fgenres%2Fntr&p=%2Fmanga%2F68cda671374e2828c73268b3&p=%2Fmanga%2F68d1de203d7760ae19644145&p=%2Fmanga%2F68dc23654cc992ac383d7114&p=%2Fmanga%2F68e2ea7c8a205502ed9928fe&p=%2Fmanga%2F68fe4a35fb6f20cf361687d1&p=%2Fmanga%2F6907582371314a3e981742d2&p=%2Fmanga%2F690874f9939dd9e3d09d13e7&p=%2Fmanga%2F6908c801206ef6c57464f438&p=%2Fmanga%2F6908f239581fb9798a2c8da1&p=%2Fmanga%2F690a116f2535c325815abf53&p=%2Fmanga%2F690cb3f931ea0e89ab2407a2&p=%2Fmanga%2F690cb59631ea0e89ab240832&p=%2Fmanga%2F690cb646971033dc8db60b4d&p=%2Fmanga%2F690cb776971033dc8db60d31&p=%2Fmanga%2F690cb87d971033dc8db60dff&p=%2Fmanga%2F690cbe6fd57faf007f7d44ae&p=%2Fmanga%2Fchapter%2F690874f9939dd9e3d09d13e7&version=19c1149e 200 - - 19.062 ms
0|ww-1     | 2025-11-06T16:32:59: POST /api/chapter-view 200 - - 13.700 ms
0|ww-1     | 2025-11-06T16:32:59: Đã ghi interaction: view cho manga 68dc23654cc992ac383d7114
0|ww-1     | 2025-11-06T16:33:00: [loader:root] genres count = 142
0|ww-1     | 2025-11-06T16:33:00: GET /manga/chapter/690874f9939dd9e3d09d13e7.data?chapterNumber=4 200 - - 72.585 ms
0|ww-1     | 2025-11-06T16:33:01: GET /__manifest?p=%2Fapi%2Fchapters%2Flist&version=19c1149e 200 - - 3.776 ms
0|ww-1     | 2025-11-06T16:33:01: POST /api/manga-progress 401 - - 3.077 ms
0|ww-1     | 2025-11-06T16:33:01: GET /__manifest?p=%2Fmanga%2F690874f9939dd9e3d09d13e7&p=%2Fmanga%2F690cb3f931ea0e89ab2407a2&p=%2Fmanga%2F690cb59631ea0e89ab240832&p=%2Fmanga%2F690cb646971033dc8db60b4d&p=%2Fmanga%2F690cb776971033dc8db60d31&p=%2Fmanga%2F690cb87d971033dc8db60dff&p=%2Fmanga%2F690cbe6fd57faf007f7d44ae&version=19c1149e 200 - - 6.255 ms

0|ww-1  | 2025-11-06T16:33:09: POST /api/reading-reward.data 401 - - 3.283 ms
0|ww-1  | 2025-11-06T16:33:23: GET /__manifest?p=%2Fmanga%2Fchapter%2F690874f9939dd9e3d09d13e7&version=19c1149e 200 - - 6.471 ms
0|ww-1  | 2025-11-06T16:33:23: POST /api/manga-progress 401 - - 2.870 ms
0|ww-1  | 2025-11-06T16:33:57: [loader:root] genres count = 142
0|ww-1  | 2025-11-06T16:33:57: GET / 200 - - 82.643 ms
0|ww-1  | 2025-11-06T16:33:58: GET /__manifest?p=%2Fchinh-sach-bao-mat&p=%2Fdieu-khoan&p=%2Fgenres%2F3d-hentai&p=%2Fgenres%2Fahegao&p=%2Fgenres%2Fanal&p=%2Fgenres%2Fbdsm&p=%2Fgenres%2Fbig-ass&p=%2Fgenres%2Fbig-boobs&p=%2Fgenres%2Fblowjobs&p=%2Fgenres%2Fcosplay&p=%2Fgenres%2Fdoujinshi&p=%2Fgenres%2Fecchi&p=%2Fgenres%2Felf&p=%2Fgenres%2Ffantasy&p=%2Fgenres%2Ffull-color&p=%2Fgenres%2Fharem&p=%2Fgenres%2Fhorror&p=%2Fgenres%2Fisekai&p=%2Fgenres%2Fmaids&p=%2Fgenres%2Fmanhwa&p=%2Fgenres%2Fmilf&p=%2Fgenres%2Fmind-break&p=%2Fgenres%2Fntr&p=%2Fgenres%2Fnun&p=%2Fgenres%2Fnurse&p=%2Fgenres%2Fpregnant&p=%2Fgenres%2Fquan-tat&p=%2Fgenres%2Fromance&p=%2Fgenres%2Fschoolgirl&p=%2Fgenres%2Fsoft-incest&p=%2Fgenres%2Fvanilla&p=%2Fgioi-thieu&p=%2Flien-he&p=%2Fmanga%2F68cda671374e2828c73268b3&p=%2Fmanga%2F68d1de203d7760ae19644145&p=%2Fmanga%2F68dc23654cc992ac383d7114&p=%2Fmanga%2F68e2ea7c8a205502ed9928fe&p=%2Fmanga%2F68e3d3e3d61d9ee0433abd6c&p=%2Fmanga%2F68e3db2bd61d9ee0433abfa3&p=%2Fmanga%2F68fe4a35fb6f20cf361687d1&p=%2Fmanga%2F690490788875a84766ba2b97&p=%2Fmanga%2F6904911a8875a84766ba2c56&p=%2Fmanga%2F6907582371314a3e981742d2&p=%2Fmanga%2F690874f9939dd9e3d09d13e7&p=%2Fmanga%2F6908773041fe4d473a6656f8&p=%2Fmanga%2F6908c801206ef6c57464f438&p=%2Fmanga%2F6908f239581fb9798a2c8da1&p=%2Fmanga%2F690a10812535c325815abefd&p=%2Fmanga%2F690a116f2535c325815abf53&p=%2Fmanga%2F690b60db6a7a5567bb751100&p=%2Fmanga%2F690b62fd6da36d5ac7521dbc&p=%2Fmanga%2F690b650d6da36d5ac7523425&p=%2Fmanga%2F690b66a36da36d5ac7523569&p=%2Fmanga%2F690b6b216da36d5ac75236d5&p=%2Fmanga%2F690b7c095c91edabbe7cb70b&p=%2Fmanga%2F690b8597d80a9447bfdb5583&p=%2Fmanga%2F690b8762f78aec280531dcd4&p=%2Fmanga%2F690b8cf1f78aec280531e46d&p=%2Fmanga%2F690cb3f931ea0e89ab2407a2&p=%2Fmanga%2F690cb59631ea0e89ab240832&p=%2Fmanga%2F690cb646971033dc8db60b4d&p=%2Fmanga%2F690cb776971033dc8db60d31&p=%2Fmanga%2F690cb87d971033dc8db60dff&p=%2Fmanga%2F690cbe6fd57faf007f7d44ae&p=%2Fmanga%2Fundefined&p=%2Fprofile%2F68bef98d72ac3e881f540754&p=%2Fprofile%2F68d194674272c9c883eae04d&p=%2Fprofile%2F68ead29dfec25e45bedabade&p=%2Fprofile%2F68efcd72872b245c29aaadca&p=%2Fprofile%2F68fe4931fb6f20cf361687b8&p=%2Fprofile%2F69004ecad12de330c48f1f3b&p=%2Fprofile%2F690248a8d12de330c4903a6a&p=%2Fprofile%2F6902d0d148e3570c57a6f053&p=%2Fprofile%2F6902d44150c22e85424ce15b&p=%2Fprofile%2F6904632d7793d07d250b80bf&version=19c1149e 200 - - 43.111 ms
0|ww-1  | 2025-11-06T16:34:02: [loader:root] genres count = 142
0|ww-1  | 2025-11-06T16:34:02: GET /manga/690b8597d80a9447bfdb5583.data 200 - - 73.543 ms
0|ww-1  | 2025-11-06T16:34:07: [loader:root] genres count = 142
0|ww-1  | 2025-11-06T16:34:07: GET /manga/690cb87d971033dc8db60dff.data 200 - - 39.921 ms
0|ww-1  | 2025-11-06T16:34:08: GET /api/manga-follow?mangaId=690cb87d971033dc8db60dff 200 - - 2.288 ms
0|ww-1  | 2025-11-06T16:34:08: GET /api/manga-like?mangaId=690cb87d971033dc8db60dff 200 - - 1.947 ms
0|ww-1  | 2025-11-06T16:34:08: GET /api/manga-progress?mangaId=690cb87d971033dc8db60dff 401 - - 1.470 ms
0|ww-1  | 2025-11-06T16:34:08: GET /api/comments?page=1&limit=5&mangaId=690cb87d971033dc8db60dff 200 - - 16.756 ms
0|ww-1  | 2025-11-06T16:34:10: [loader:root] genres count = 142
0|ww-1  | 2025-11-06T16:34:10: GET /manga/690cb646971033dc8db60b4d.data 200 - - 33.997 ms
0|ww-1  | 2025-11-06T16:34:11: [loader:root] genres count = 142
0|ww-1  | 2025-11-06T16:34:11: GET /manga/690cb776971033dc8db60d31.data 200 - - 43.780 ms
0|ww-1  | 2025-11-06T16:34:11: GET /api/manga-follow?mangaId=690cb776971033dc8db60d31 200 - - 2.021 ms
0|ww-1  | 2025-11-06T16:34:11: GET /api/manga-like?mangaId=690cb776971033dc8db60d31 200 - - 1.242 ms
0|ww-1  | 2025-11-06T16:34:13: [loader:root] genres count = 142
0|ww-1  | 2025-11-06T16:34:13: [loader:root] genres count = 142
0|ww-1  | 2025-11-06T16:34:13: GET /manga/chapter/690cb776971033dc8db60d31.data?chapterNumber=1 200 - - 72.588 ms
0|ww-1  | 2025-11-06T16:34:13: GET /manga/chapter/690cb776971033dc8db60d31?chapterNumber=1 200 - - 51.115 ms
0|ww-1  | 2025-11-06T16:34:14: POST /api/manga-progress 401 - - 1.504 ms
0|ww-1  | 2025-11-06T16:34:14: GET /__manifest?p=%2Fapi%2Fchapters%2Flist&version=19c1149e 200 - - 4.859 ms
0|ww-1  | 2025-11-06T16:34:14: GET /api/chapters/list.data?mangaId=690cb776971033dc8db60d31&_routes=routes%2Fapi.chapters.list 200 - - 5.213 ms
0|ww-1  | 2025-11-06T16:34:22: GET /api/manga-follow?mangaId=68dc23654cc992ac383d7114 200 - - 1.541 ms
0|ww-1  | 2025-11-06T16:34:23: GET /api/manga-like?mangaId=68dc23654cc992ac383d7114 200 - - 2.948 ms
0|ww-1  | 2025-11-06T16:34:23: GET /api/comments?page=1&limit=5&mangaId=68dc23654cc992ac383d7114 200 - - 9.477 ms
0|ww-1  | 2025-11-06T16:34:23: GET /__manifest?p=%2Fauthors%2Fkhong-ro&p=%2Fauthors%2Fnhom-dichke-huy-diet-3d&p=%2Fgenres%2F3d-hentai&p=%2Fgenres%2Fdirtyoldman&p=%2Fgenres%2Ffull-color&p=%2Fgenres%2Fgangbang&p=%2Fgenres%2Fmilf&p=%2Fgenres%2Fmind-break&p=%2Fgenres%2Fmind-control&p=%2Fmanga%2F68cda671374e2828c73268b3&p=%2Fmanga%2F68d1de203d7760ae19644145&p=%2Fmanga%2F68e2ea7c8a205502ed9928fe&p=%2Fmanga%2F68fe4a35fb6f20cf361687d1&p=%2Fmanga%2F6907582371314a3e981742d2&p=%2Fmanga%2F690874f9939dd9e3d09d13e7&p=%2Fmanga%2F6908c801206ef6c57464f438&p=%2Fmanga%2F6908f239581fb9798a2c8da1&p=%2Fmanga%2F690a116f2535c325815abf53&p=%2Fmanga%2Fchapter%2F68dc23654cc992ac383d7114&version=19c1149e 200 - - 23.399 ms
0|ww-1  | 2025-11-06T16:34:24: GET /__manifest?p=%2Fapi%2Freading-exp&version=19c1149e 200 - - 1.483 ms
0|ww-1  | 2025-11-06T16:34:25: POST /api/reading-exp.data 401 - - 2.982 ms
0|ww-1  | 2025-11-06T16:34:26: GET /api/comments?page=1&limit=5&mangaId=68dc23654cc992ac383d7114 200 - - 7.107 ms
0|ww-1  | 2025-11-06T16:34:26: GET /api/chapters/list.data?mangaId=68dc23654cc992ac383d7114&_routes=routes%2Fapi.chapters.list 200 - - 4.845 ms
0|ww-1  | 2025-11-06T16:34:27: GET /api/chapters/list.data?mangaId=690cb776971033dc8db60d31&_routes=routes%2Fapi.chapters.list 200 - - 5.678 ms
0|ww-1  | 2025-11-06T16:34:27: GET /__manifest?p=%2Fmanga%2F690cb776971033dc8db60d31&version=19c1149e 200 - - 2.454 ms
0|ww-1  | 2025-11-06T16:34:29: GET /api/manga-follow?mangaId=690cb87d971033dc8db60dff 200 - - 2.432 ms
0|ww-1  | 2025-11-06T16:34:29: GET /api/manga-rating?mangaId=690cb87d971033dc8db60dff 200 - - 13.651 ms
0|ww-1  | 2025-11-06T16:34:33: [loader:root] genres count = 142
0|ww-1  | 2025-11-06T16:34:33: GET /manga/690cb646971033dc8db60b4d.data 200 - - 30.432 ms
0|ww-1  | 2025-11-06T16:34:33: [loader:root] genres count = 142
0|ww-1  | 2025-11-06T16:34:33: GET /manga/chapter/68e1b14b1d73ad33622dc4ff?chapterNumber=43 200 - - 30.278 ms
0|ww-1  | 2025-11-06T16:34:36: [loader:root] genres count = 142
0|ww-1  | 2025-11-06T16:34:36: GET /manga/690cb646971033dc8db60b4d.data 200 - - 29.833 ms
0|ww-1  | 2025-11-06T16:34:37: [loader:root] genres count = 142
0|ww-1  | 2025-11-06T16:34:37: GET /manga/690cb776971033dc8db60d31 200 - - 44.062 ms
0|ww-1  | 2025-11-06T16:34:37: GET /api/manga-follow?mangaId=690cb776971033dc8db60d31 200 - - 1.556 ms
0|ww-1  | 2025-11-06T16:34:37: GET /api/manga-progress?mangaId=690cb776971033dc8db60d31 401 - - 1.700 ms
0|ww-1  | 2025-11-06T16:34:38: [loader:root] genres count = 142
0|ww-1  | 2025-11-06T16:34:38: GET /genres/big-ass.data 200 - - 18.845 ms
0|ww-1  | 2025-11-06T16:34:43: [loader:root] genres count = 142
0|ww-1  | 2025-11-06T16:34:43: GET /manga/chapter/690cb776971033dc8db60d31?chapterNumber=1 200 - - 48.363 ms
0|ww-1  | 2025-11-06T16:34:43: POST /api/manga-progress 401 - - 4.274 ms
0|ww-1  | 2025-11-06T16:34:43: GET /api/chapters/list.data?mangaId=690cb776971033dc8db60d31&_routes=routes%2Fapi.chapters.list 200 - - 4.688 ms
0|ww-1  | 2025-11-06T16:34:49: POST /api/manga-progress 401 - - 1.685 ms
0|ww-1  | 2025-11-06T16:34:50: GET /api/chapters/list.data?mangaId=68dc23654cc992ac383d7114&_routes=routes%2Fapi.chapters.list 200 - - 7.910 ms
0|ww-1  | 2025-11-06T16:34:51: [loader:root] genres count = 142
0|ww-1  | 2025-11-06T16:34:51: GET /manga/68cda671374e2828c73268b3 200 - - 51.642 ms
0|ww-1  | 2025-11-06T16:34:51: GET /api/manga-rating?mangaId=68cda671374e2828c73268b3 200 - - 12.445 ms
0|ww-1  | 2025-11-06T16:34:51: GET /api/manga-progress?mangaId=68cda671374e2828c73268b3 401 - - 1.834 ms
0|ww-1  | 2025-11-06T16:34:51: GET /api/comments?page=1&limit=5&mangaId=68cda671374e2828c73268b3 200 - - 17.418 ms
0|ww-1  | 2025-11-06T16:34:52: GET /__manifest?p=%2Fprofile%2F68fe4931fb6f20cf361687b8&p=%2Fprofile%2F6905f6190ac189bf95fe33b0&version=19c1149e 200 - - 2.569 ms
0|ww-1  | 2025-11-06T16:34:54: GET /api/manga-follow?mangaId=68dc23654cc992ac383d7114 200 - - 2.478 ms
0|ww-1  | 2025-11-06T16:34:54: GET /api/manga-rating?mangaId=68dc23654cc992ac383d7114 200 - - 9.432 ms
0|ww-1  | 2025-11-06T16:34:54: GET /api/comments?page=1&limit=5&mangaId=68dc23654cc992ac383d7114 200 - - 9.146 ms
0|ww-1  | 2025-11-06T16:34:59: [loader:root] genres count = 142
0|ww-1  | 2025-11-06T16:34:59: GET /manga/chapter/68dc23654cc992ac383d7114?chapterNumber=9 200 - - 46.477 ms
0|ww-1  | 2025-11-06T16:34:59: POST /api/manga-progress 401 - - 2.063 ms
0|ww-1  | 2025-11-06T16:34:59: GET /api/chapters/list.data?mangaId=68dc23654cc992ac383d7114&_routes=routes%2Fapi.chapters.list 200 - - 4.176 ms
0|ww-1  | 2025-11-06T16:35:08: GET /api/manga-follow?mangaId=68dc23654cc992ac383d7114 200 - - 1.380 ms
0|ww-1  | 2025-11-06T16:35:08: GET /api/comments?page=1&limit=5&mangaId=68dc23654cc992ac383d7114 200 - - 6.058 ms
0|ww-1  | 2025-11-06T16:35:10: [loader:root] genres count = 142
0|ww-1  | 2025-11-06T16:35:10: GET /manga/chapter/68dc23654cc992ac383d7114.data?chapterNumber=8 200 - - 33.556 ms
0|ww-1  | 2025-11-06T16:35:10: GET /api/comments?page=1&limit=5&mangaId=68dc23654cc992ac383d7114 200 - - 10.435 ms
0|ww-1  | 2025-11-06T16:35:14: POST /api/manga-progress 401 - - 1.488 ms
0|ww-1  | 2025-11-06T16:35:14: GET /api/comments?page=1&limit=5&mangaId=68dc23654cc992ac383d7114 200 - - 6.199 ms
0|ww-1  | 2025-11-06T16:35:15: GET /api/manga-follow?mangaId=68dc23654cc992ac383d7114 200 - - 2.168 ms
0|ww-1  | 2025-11-06T16:35:15: GET /api/manga-rating?mangaId=68dc23654cc992ac383d7114 200 - - 5.613 ms
0|ww-1  | 2025-11-06T16:35:17: [loader:root] genres count = 142
0|ww-1  | 2025-11-06T16:35:17: GET /manga/68cda671374e2828c73268b3 200 - - 45.392 ms
0|ww-1  | 2025-11-06T16:35:17: GET /api/manga-progress?mangaId=68cda671374e2828c73268b3 401 - - 1.105 ms
0|ww-1  | 2025-11-06T16:35:17: GET /__manifest?p=%2Fauthors%2Fkhong-ro&p=%2Fauthors%2Frosaria&p=%2Fgenres%2F3d-hentai&p=%2Fgenres%2Faction&p=%2Fgenres%2Fadult&p=%2Fgenres%2Fbdsm&p=%2Fgenres%2Fbig-penis&p=%2Fgenres%2Fsex-toys&p=%2Fgenres%2Fx-ray&p=%2Fmanga%2F68cda671374e2828c73268b3&p=%2Fmanga%2F68d1de203d7760ae19644145&p=%2Fmanga%2F68dc23654cc992ac383d7114&p=%2Fmanga%2F68e2ea7c8a205502ed9928fe&p=%2Fmanga%2F68fe4a35fb6f20cf361687d1&p=%2Fmanga%2F6907582371314a3e981742d2&p=%2Fmanga%2F690874f9939dd9e3d09d13e7&p=%2Fmanga%2F6908c801206ef6c57464f438&p=%2Fmanga%2F6908f239581fb9798a2c8da1&p=%2Fmanga%2F690a116f2535c325815abf53&p=%2Fmanga%2F690cb3f931ea0e89ab2407a2&p=%2Fmanga%2F690cb59631ea0e89ab240832&p=%2Fmanga%2F690cb646971033dc8db60b4d&p=%2Fmanga%2F690cb776971033dc8db60d31&p=%2Fmanga%2F690cb87d971033dc8db60dff&p=%2Fmanga%2F690cbe6fd57faf007f7d44ae&p=%2Fmanga%2Fchapter%2F68cda671374e2828c73268b3&version=19c1149e 200 - - 19.285 ms
0|ww-1  | 2025-11-06T16:35:17: GET /api/manga-rating?mangaId=68cda671374e2828c73268b3 200 - - 25.572 ms
